<?xml version="1.0" encoding="UTF-8"?>
<testsuite name="com.globallogic.microservice1.Microservice1ApplicationTests" tests="1" skipped="0" failures="0" errors="0" timestamp="2025-05-14T23:02:45" hostname="DESKTOP-8FATH2O" time="0.126">
  <properties/>
  <testcase name="contextLoads()" classname="com.globallogic.microservice1.Microservice1ApplicationTests" time="0.126"/>
  <system-out><![CDATA[20:02:40.874 [Test worker] DEBUG org.springframework.test.context.BootstrapUtils - Instantiating CacheAwareContextLoaderDelegate from class [org.springframework.test.context.cache.DefaultCacheAwareContextLoaderDelegate]
20:02:40.882 [Test worker] DEBUG org.springframework.test.context.BootstrapUtils - Instantiating BootstrapContext using constructor [public org.springframework.test.context.support.DefaultBootstrapContext(java.lang.Class,org.springframework.test.context.CacheAwareContextLoaderDelegate)]
20:02:40.913 [Test worker] DEBUG org.springframework.test.context.BootstrapUtils - Instantiating TestContextBootstrapper for test class [com.globallogic.microservice1.Microservice1ApplicationTests] from class [org.springframework.boot.test.context.SpringBootTestContextBootstrapper]
20:02:40.922 [Test worker] INFO org.springframework.boot.test.context.SpringBootTestContextBootstrapper - Neither @ContextConfiguration nor @ContextHierarchy found for test class [com.globallogic.microservice1.Microservice1ApplicationTests], using SpringBootContextLoader
20:02:40.925 [Test worker] DEBUG org.springframework.test.context.support.AbstractContextLoader - Did not detect default resource location for test class [com.globallogic.microservice1.Microservice1ApplicationTests]: class path resource [com/globallogic/microservice1/Microservice1ApplicationTests-context.xml] does not exist
20:02:40.926 [Test worker] DEBUG org.springframework.test.context.support.AbstractContextLoader - Did not detect default resource location for test class [com.globallogic.microservice1.Microservice1ApplicationTests]: class path resource [com/globallogic/microservice1/Microservice1ApplicationTestsContext.groovy] does not exist
20:02:40.926 [Test worker] INFO org.springframework.test.context.support.AbstractContextLoader - Could not detect default resource locations for test class [com.globallogic.microservice1.Microservice1ApplicationTests]: no resource found for suffixes {-context.xml, Context.groovy}.
20:02:40.926 [Test worker] INFO org.springframework.test.context.support.AnnotationConfigContextLoaderUtils - Could not detect default configuration classes for test class [com.globallogic.microservice1.Microservice1ApplicationTests]: Microservice1ApplicationTests does not declare any static, non-private, non-final, nested classes annotated with @Configuration.
20:02:40.983 [Test worker] DEBUG org.springframework.test.context.support.ActiveProfilesUtils - Could not find an 'annotation declaring class' for annotation type [org.springframework.test.context.ActiveProfiles] and class [com.globallogic.microservice1.Microservice1ApplicationTests]
20:02:41.044 [Test worker] DEBUG org.springframework.context.annotation.ClassPathScanningCandidateComponentProvider - Identified candidate component class: file [D:\programacion\2025\globallogic\microservice1\build\classes\java\main\com\globallogic\microservice1\Microservice1Application.class]
20:02:41.045 [Test worker] INFO org.springframework.boot.test.context.SpringBootTestContextBootstrapper - Found @SpringBootConfiguration com.globallogic.microservice1.Microservice1Application for test class com.globallogic.microservice1.Microservice1ApplicationTests
20:02:41.138 [Test worker] DEBUG org.springframework.boot.test.context.SpringBootTestContextBootstrapper - @TestExecutionListeners is not present for class [com.globallogic.microservice1.Microservice1ApplicationTests]: using defaults.
20:02:41.138 [Test worker] INFO org.springframework.boot.test.context.SpringBootTestContextBootstrapper - Loaded default TestExecutionListener class names from location [META-INF/spring.factories]: [org.springframework.security.test.context.support.WithSecurityContextTestExecutionListener, org.springframework.security.test.context.support.ReactorContextTestExecutionListener, org.springframework.boot.test.autoconfigure.restdocs.RestDocsTestExecutionListener, org.springframework.boot.test.autoconfigure.web.client.MockRestServiceServerResetTestExecutionListener, org.springframework.boot.test.autoconfigure.web.servlet.MockMvcPrintOnlyOnFailureTestExecutionListener, org.springframework.boot.test.autoconfigure.web.servlet.WebDriverTestExecutionListener, org.springframework.boot.test.autoconfigure.webservices.client.MockWebServiceServerTestExecutionListener, org.springframework.boot.test.mock.mockito.MockitoTestExecutionListener, org.springframework.boot.test.mock.mockito.ResetMocksTestExecutionListener, org.springframework.test.context.web.ServletTestExecutionListener, org.springframework.test.context.support.DirtiesContextBeforeModesTestExecutionListener, org.springframework.test.context.event.ApplicationEventsTestExecutionListener, org.springframework.test.context.support.DependencyInjectionTestExecutionListener, org.springframework.test.context.support.DirtiesContextTestExecutionListener, org.springframework.test.context.transaction.TransactionalTestExecutionListener, org.springframework.test.context.jdbc.SqlScriptsTestExecutionListener, org.springframework.test.context.event.EventPublishingTestExecutionListener]
20:02:41.164 [Test worker] INFO org.springframework.boot.test.context.SpringBootTestContextBootstrapper - Using TestExecutionListeners: [org.springframework.test.context.web.ServletTestExecutionListener@54ec8cc9, org.springframework.test.context.support.DirtiesContextBeforeModesTestExecutionListener@52eacb4b, org.springframework.test.context.event.ApplicationEventsTestExecutionListener@5528a42c, org.springframework.boot.test.mock.mockito.MockitoTestExecutionListener@2a551a63, org.springframework.boot.test.autoconfigure.SpringBootDependencyInjectionTestExecutionListener@1a6f5124, org.springframework.test.context.support.DirtiesContextTestExecutionListener@1edb61b1, org.springframework.test.context.transaction.TransactionalTestExecutionListener@ec2bf82, org.springframework.test.context.jdbc.SqlScriptsTestExecutionListener@cc62a3b, org.springframework.security.test.context.support.WithSecurityContextTestExecutionListener@6cc0bcf6, org.springframework.test.context.event.EventPublishingTestExecutionListener@29539e36, org.springframework.security.test.context.support.ReactorContextTestExecutionListener@32f61a31, org.springframework.boot.test.autoconfigure.restdocs.RestDocsTestExecutionListener@f5c79a6, org.springframework.boot.test.autoconfigure.web.client.MockRestServiceServerResetTestExecutionListener@669253b7, org.springframework.boot.test.autoconfigure.web.servlet.MockMvcPrintOnlyOnFailureTestExecutionListener@5305c37d, org.springframework.boot.test.autoconfigure.web.servlet.WebDriverTestExecutionListener@51a06cbe, org.springframework.boot.test.autoconfigure.webservices.client.MockWebServiceServerTestExecutionListener@3dddbe65, org.springframework.boot.test.mock.mockito.ResetMocksTestExecutionListener@49a64d82]
20:02:41.168 [Test worker] DEBUG org.springframework.test.context.support.AbstractDirtiesContextTestExecutionListener - Before test class: context [DefaultTestContext@37d3d232 testClass = Microservice1ApplicationTests, testInstance = [null], testMethod = [null], testException = [null], mergedContextConfiguration = [WebMergedContextConfiguration@30c0ccff testClass = Microservice1ApplicationTests, locations = '{}', classes = '{class com.globallogic.microservice1.Microservice1Application}', contextInitializerClasses = '[]', activeProfiles = '{}', propertySourceLocations = '{}', propertySourceProperties = '{org.springframework.boot.test.context.SpringBootTestContextBootstrapper=true}', contextCustomizers = set[org.springframework.boot.test.autoconfigure.actuate.metrics.MetricsExportContextCustomizerFactory$DisableMetricExportContextCustomizer@3eeb318f, org.springframework.boot.test.autoconfigure.properties.PropertyMappingContextCustomizer@0, org.springframework.boot.test.autoconfigure.web.servlet.WebDriverContextCustomizerFactory$Customizer@58fe0499, org.springframework.boot.test.context.filter.ExcludeFilterContextCustomizer@aa549e5, org.springframework.boot.test.json.DuplicateJsonObjectContextCustomizerFactory$DuplicateJsonObjectContextCustomizer@3b7ff809, org.springframework.boot.test.mock.mockito.MockitoContextCustomizer@0, org.springframework.boot.test.web.client.TestRestTemplateContextCustomizer@75390459, org.springframework.boot.test.context.SpringBootTestArgs@1, org.springframework.boot.test.context.SpringBootTestWebEnvironment@163370c2], resourceBasePath = 'src/main/webapp', contextLoader = 'org.springframework.boot.test.context.SpringBootContextLoader', parent = [null]], attributes = map['org.springframework.test.context.web.ServletTestExecutionListener.activateListener' -> true]], class annotated with @DirtiesContext [false] with mode [null].

  .   ____          _            __ _ _
 /\\ / ___'_ __ _ _(_)_ __  __ _ \ \ \ \
( ( )\___ | '_ | '_| | '_ \/ _` | \ \ \ \
 \\/  ___)| |_)| | | | | || (_| |  ) ) ) )
  '  |____| .__|_| |_|_| |_\__, | / / / /
 =========|_|==============|___/=/_/_/_/
 :: Spring Boot ::               (v2.5.14)

2025-05-14 20:02:41.507  INFO 12208 --- [    Test worker] c.g.m.Microservice1ApplicationTests      : Starting Microservice1ApplicationTests using Java 11.0.27 on DESKTOP-8FATH2O with PID 12208 (started by augus in D:\programacion\2025\globallogic\microservice1)
2025-05-14 20:02:41.509  INFO 12208 --- [    Test worker] c.g.m.Microservice1ApplicationTests      : No active profile set, falling back to 1 default profile: "default"
2025-05-14 20:02:42.229  INFO 12208 --- [    Test worker] .s.d.r.c.RepositoryConfigurationDelegate : Bootstrapping Spring Data JPA repositories in DEFAULT mode.
2025-05-14 20:02:42.284  INFO 12208 --- [    Test worker] .s.d.r.c.RepositoryConfigurationDelegate : Finished Spring Data repository scanning in 47 ms. Found 2 JPA repository interfaces.
2025-05-14 20:02:42.808  INFO 12208 --- [    Test worker] o.hibernate.jpa.internal.util.LogHelper  : HHH000204: Processing PersistenceUnitInfo [name: default]
2025-05-14 20:02:42.864  INFO 12208 --- [    Test worker] org.hibernate.Version                    : HHH000412: Hibernate ORM core version 5.4.33
2025-05-14 20:02:43.005  INFO 12208 --- [    Test worker] o.hibernate.annotations.common.Version   : HCANN000001: Hibernate Commons Annotations {5.1.2.Final}
2025-05-14 20:02:43.125  INFO 12208 --- [    Test worker] com.zaxxer.hikari.HikariDataSource       : HikariPool-1 - Starting...
2025-05-14 20:02:43.281  INFO 12208 --- [    Test worker] com.zaxxer.hikari.HikariDataSource       : HikariPool-1 - Start completed.
2025-05-14 20:02:43.309  INFO 12208 --- [    Test worker] org.hibernate.dialect.Dialect            : HHH000400: Using dialect: org.hibernate.dialect.H2Dialect
2025-05-14 20:02:43.995 DEBUG 12208 --- [    Test worker] org.hibernate.SQL                        : 
    
    create table telefonos (
       id bigint generated by default as identity,
        citycode integer not null,
        contrycode varchar(10) not null,
        number bigint not null,
        usuario_id bigint not null,
        primary key (id)
    )
Hibernate: 
    
    create table telefonos (
       id bigint generated by default as identity,
        citycode integer not null,
        contrycode varchar(10) not null,
        number bigint not null,
        usuario_id bigint not null,
        primary key (id)
    )
2025-05-14 20:02:44.009 DEBUG 12208 --- [    Test worker] org.hibernate.SQL                        : 
    
    create table users (
       id bigint generated by default as identity,
        created timestamp not null,
        email varchar(150) not null,
        is_active boolean not null,
        last_login timestamp not null,
        name varchar(100),
        password varchar(255) not null,
        primary key (id)
    )
Hibernate: 
    
    create table users (
       id bigint generated by default as identity,
        created timestamp not null,
        email varchar(150) not null,
        is_active boolean not null,
        last_login timestamp not null,
        name varchar(100),
        password varchar(255) not null,
        primary key (id)
    )
2025-05-14 20:02:44.014 DEBUG 12208 --- [    Test worker] org.hibernate.SQL                        : 
    
    alter table users 
       drop constraint if exists UK_6dotkott2kjsp8vw4d0m25fb7
Hibernate: 
    
    alter table users 
       drop constraint if exists UK_6dotkott2kjsp8vw4d0m25fb7
2025-05-14 20:02:44.014 DEBUG 12208 --- [    Test worker] org.hibernate.SQL                        : 
    
    alter table users 
       add constraint UK_6dotkott2kjsp8vw4d0m25fb7 unique (email)
Hibernate: 
    
    alter table users 
       add constraint UK_6dotkott2kjsp8vw4d0m25fb7 unique (email)
2025-05-14 20:02:44.017 DEBUG 12208 --- [    Test worker] org.hibernate.SQL                        : 
    
    alter table telefonos 
       add constraint FK73m3wlo84p4q8dw6m726m8d9v 
       foreign key (usuario_id) 
       references users
Hibernate: 
    
    alter table telefonos 
       add constraint FK73m3wlo84p4q8dw6m726m8d9v 
       foreign key (usuario_id) 
       references users
2025-05-14 20:02:44.019  INFO 12208 --- [    Test worker] o.h.e.t.j.p.i.JtaPlatformInitiator       : HHH000490: Using JtaPlatform implementation: [org.hibernate.engine.transaction.jta.platform.internal.NoJtaPlatform]
2025-05-14 20:02:44.026  INFO 12208 --- [    Test worker] j.LocalContainerEntityManagerFactoryBean : Initialized JPA EntityManagerFactory for persistence unit 'default'
2025-05-14 20:02:44.628  WARN 12208 --- [    Test worker] JpaBaseConfiguration$JpaWebConfiguration : spring.jpa.open-in-view is enabled by default. Therefore, database queries may be performed during view rendering. Explicitly configure spring.jpa.open-in-view to disable this warning
2025-05-14 20:02:44.869  INFO 12208 --- [    Test worker] o.s.b.a.h2.H2ConsoleAutoConfiguration    : H2 console available at '/h2-console'. Database available at 'jdbc:h2:mem:usuariosdb'
2025-05-14 20:02:45.158  WARN 12208 --- [    Test worker] .s.s.UserDetailsServiceAutoConfiguration : 

Using generated security password: 9b924c45-6294-486f-bf86-75fce079e156

This generated password is for development use only. Your security configuration must be updated before running your application in production.

2025-05-14 20:02:45.360  INFO 12208 --- [    Test worker] o.s.s.web.DefaultSecurityFilterChain     : Will not secure any request
2025-05-14 20:02:45.443  INFO 12208 --- [    Test worker] c.g.m.Microservice1ApplicationTests      : Started Microservice1ApplicationTests in 4.241 seconds (JVM running for 5.799)
]]></system-out>
  <system-err><![CDATA[]]></system-err>
</testsuite>
