<?xml version="1.0" encoding="UTF-8"?>
<testsuite name="com.globallogic.microservice1.Microservice1ApplicationTests" tests="1" skipped="0" failures="0" errors="0" timestamp="2025-05-20T19:52:38" hostname="MacBook-Air-de-Augusto.local" time="0.049">
  <properties/>
  <testcase name="contextLoads()" classname="com.globallogic.microservice1.Microservice1ApplicationTests" time="0.049"/>
  <system-out><![CDATA[16:52:35.654 [Test worker] DEBUG org.springframework.test.context.BootstrapUtils - Instantiating CacheAwareContextLoaderDelegate from class [org.springframework.test.context.cache.DefaultCacheAwareContextLoaderDelegate]
16:52:35.659 [Test worker] DEBUG org.springframework.test.context.BootstrapUtils - Instantiating BootstrapContext using constructor [public org.springframework.test.context.support.DefaultBootstrapContext(java.lang.Class,org.springframework.test.context.CacheAwareContextLoaderDelegate)]
16:52:35.674 [Test worker] DEBUG org.springframework.test.context.BootstrapUtils - Instantiating TestContextBootstrapper for test class [com.globallogic.microservice1.Microservice1ApplicationTests] from class [org.springframework.boot.test.context.SpringBootTestContextBootstrapper]
16:52:35.680 [Test worker] INFO org.springframework.boot.test.context.SpringBootTestContextBootstrapper - Neither @ContextConfiguration nor @ContextHierarchy found for test class [com.globallogic.microservice1.Microservice1ApplicationTests], using SpringBootContextLoader
16:52:35.681 [Test worker] DEBUG org.springframework.test.context.support.AbstractContextLoader - Did not detect default resource location for test class [com.globallogic.microservice1.Microservice1ApplicationTests]: class path resource [com/globallogic/microservice1/Microservice1ApplicationTests-context.xml] does not exist
16:52:35.681 [Test worker] DEBUG org.springframework.test.context.support.AbstractContextLoader - Did not detect default resource location for test class [com.globallogic.microservice1.Microservice1ApplicationTests]: class path resource [com/globallogic/microservice1/Microservice1ApplicationTestsContext.groovy] does not exist
16:52:35.682 [Test worker] INFO org.springframework.test.context.support.AbstractContextLoader - Could not detect default resource locations for test class [com.globallogic.microservice1.Microservice1ApplicationTests]: no resource found for suffixes {-context.xml, Context.groovy}.
16:52:35.682 [Test worker] INFO org.springframework.test.context.support.AnnotationConfigContextLoaderUtils - Could not detect default configuration classes for test class [com.globallogic.microservice1.Microservice1ApplicationTests]: Microservice1ApplicationTests does not declare any static, non-private, non-final, nested classes annotated with @Configuration.
16:52:35.700 [Test worker] DEBUG org.springframework.test.context.support.ActiveProfilesUtils - Could not find an 'annotation declaring class' for annotation type [org.springframework.test.context.ActiveProfiles] and class [com.globallogic.microservice1.Microservice1ApplicationTests]
16:52:35.722 [Test worker] DEBUG org.springframework.context.annotation.ClassPathScanningCandidateComponentProvider - Identified candidate component class: file [/Users/augustosensei/Documents/spring/globallogic/ejercicio/microservice1/build/classes/java/main/com/globallogic/microservice1/Microservice1Application.class]
16:52:35.722 [Test worker] INFO org.springframework.boot.test.context.SpringBootTestContextBootstrapper - Found @SpringBootConfiguration com.globallogic.microservice1.Microservice1Application for test class com.globallogic.microservice1.Microservice1ApplicationTests
16:52:35.764 [Test worker] DEBUG org.springframework.boot.test.context.SpringBootTestContextBootstrapper - @TestExecutionListeners is not present for class [com.globallogic.microservice1.Microservice1ApplicationTests]: using defaults.
16:52:35.764 [Test worker] INFO org.springframework.boot.test.context.SpringBootTestContextBootstrapper - Loaded default TestExecutionListener class names from location [META-INF/spring.factories]: [org.springframework.boot.test.autoconfigure.restdocs.RestDocsTestExecutionListener, org.springframework.boot.test.autoconfigure.web.client.MockRestServiceServerResetTestExecutionListener, org.springframework.boot.test.autoconfigure.web.servlet.MockMvcPrintOnlyOnFailureTestExecutionListener, org.springframework.boot.test.autoconfigure.web.servlet.WebDriverTestExecutionListener, org.springframework.boot.test.autoconfigure.webservices.client.MockWebServiceServerTestExecutionListener, org.springframework.boot.test.mock.mockito.MockitoTestExecutionListener, org.springframework.boot.test.mock.mockito.ResetMocksTestExecutionListener, org.springframework.test.context.web.ServletTestExecutionListener, org.springframework.test.context.support.DirtiesContextBeforeModesTestExecutionListener, org.springframework.test.context.event.ApplicationEventsTestExecutionListener, org.springframework.test.context.support.DependencyInjectionTestExecutionListener, org.springframework.test.context.support.DirtiesContextTestExecutionListener, org.springframework.test.context.transaction.TransactionalTestExecutionListener, org.springframework.test.context.jdbc.SqlScriptsTestExecutionListener, org.springframework.test.context.event.EventPublishingTestExecutionListener]
16:52:35.771 [Test worker] INFO org.springframework.boot.test.context.SpringBootTestContextBootstrapper - Using TestExecutionListeners: [org.springframework.test.context.web.ServletTestExecutionListener@669253b7, org.springframework.test.context.support.DirtiesContextBeforeModesTestExecutionListener@5305c37d, org.springframework.test.context.event.ApplicationEventsTestExecutionListener@51a06cbe, org.springframework.boot.test.mock.mockito.MockitoTestExecutionListener@3dddbe65, org.springframework.boot.test.autoconfigure.SpringBootDependencyInjectionTestExecutionListener@49a64d82, org.springframework.test.context.support.DirtiesContextTestExecutionListener@344561e0, org.springframework.test.context.transaction.TransactionalTestExecutionListener@66d23e4a, org.springframework.test.context.jdbc.SqlScriptsTestExecutionListener@36ac8a63, org.springframework.test.context.event.EventPublishingTestExecutionListener@4d9d1b69, org.springframework.boot.test.autoconfigure.restdocs.RestDocsTestExecutionListener@52c8295b, org.springframework.boot.test.autoconfigure.web.client.MockRestServiceServerResetTestExecutionListener@251f7d26, org.springframework.boot.test.autoconfigure.web.servlet.MockMvcPrintOnlyOnFailureTestExecutionListener@77b21474, org.springframework.boot.test.autoconfigure.web.servlet.WebDriverTestExecutionListener@52d10fb8, org.springframework.boot.test.autoconfigure.webservices.client.MockWebServiceServerTestExecutionListener@41c07648, org.springframework.boot.test.mock.mockito.ResetMocksTestExecutionListener@1fe8d51b]
16:52:35.773 [Test worker] DEBUG org.springframework.test.context.support.AbstractDirtiesContextTestExecutionListener - Before test class: context [DefaultTestContext@2f40a43 testClass = Microservice1ApplicationTests, testInstance = [null], testMethod = [null], testException = [null], mergedContextConfiguration = [WebMergedContextConfiguration@3caa4757 testClass = Microservice1ApplicationTests, locations = '{}', classes = '{class com.globallogic.microservice1.Microservice1Application}', contextInitializerClasses = '[]', activeProfiles = '{}', propertySourceLocations = '{}', propertySourceProperties = '{org.springframework.boot.test.context.SpringBootTestContextBootstrapper=true}', contextCustomizers = set[org.springframework.boot.test.autoconfigure.actuate.metrics.MetricsExportContextCustomizerFactory$DisableMetricExportContextCustomizer@5c8eee0f, org.springframework.boot.test.autoconfigure.properties.PropertyMappingContextCustomizer@0, org.springframework.boot.test.autoconfigure.web.servlet.WebDriverContextCustomizerFactory$Customizer@63b1d4fa, org.springframework.boot.test.context.filter.ExcludeFilterContextCustomizer@75459c75, org.springframework.boot.test.json.DuplicateJsonObjectContextCustomizerFactory$DuplicateJsonObjectContextCustomizer@3e5499cc, org.springframework.boot.test.mock.mockito.MockitoContextCustomizer@0, org.springframework.boot.test.web.client.TestRestTemplateContextCustomizer@53812a9b, org.springframework.boot.test.context.SpringBootTestArgs@1, org.springframework.boot.test.context.SpringBootTestWebEnvironment@74287ea3], resourceBasePath = 'src/main/webapp', contextLoader = 'org.springframework.boot.test.context.SpringBootContextLoader', parent = [null]], attributes = map['org.springframework.test.context.web.ServletTestExecutionListener.activateListener' -> true]], class annotated with @DirtiesContext [false] with mode [null].

  .   ____          _            __ _ _
 /\\ / ___'_ __ _ _(_)_ __  __ _ \ \ \ \
( ( )\___ | '_ | '_| | '_ \/ _` | \ \ \ \
 \\/  ___)| |_)| | | | | || (_| |  ) ) ) )
  '  |____| .__|_| |_|_| |_\__, | / / / /
 =========|_|==============|___/=/_/_/_/
 :: Spring Boot ::               (v2.5.14)

2025-05-20 16:52:35.978  INFO 8354 --- [    Test worker] c.g.m.Microservice1ApplicationTests      : Starting Microservice1ApplicationTests using Java 11.0.23 on MacBook-Air-de-Augusto.local with PID 8354 (started by augustosensei in /Users/augustosensei/Documents/spring/globallogic/ejercicio/microservice1)
2025-05-20 16:52:35.979  INFO 8354 --- [    Test worker] c.g.m.Microservice1ApplicationTests      : No active profile set, falling back to 1 default profile: "default"
2025-05-20 16:52:36.369  INFO 8354 --- [    Test worker] .s.d.r.c.RepositoryConfigurationDelegate : Bootstrapping Spring Data JPA repositories in DEFAULT mode.
2025-05-20 16:52:36.414  INFO 8354 --- [    Test worker] .s.d.r.c.RepositoryConfigurationDelegate : Finished Spring Data repository scanning in 39 ms. Found 2 JPA repository interfaces.
2025-05-20 16:52:36.724  INFO 8354 --- [    Test worker] o.hibernate.jpa.internal.util.LogHelper  : HHH000204: Processing PersistenceUnitInfo [name: default]
2025-05-20 16:52:36.751  INFO 8354 --- [    Test worker] org.hibernate.Version                    : HHH000412: Hibernate ORM core version 5.4.33
2025-05-20 16:52:36.818  INFO 8354 --- [    Test worker] o.hibernate.annotations.common.Version   : HCANN000001: Hibernate Commons Annotations {5.1.2.Final}
2025-05-20 16:52:36.868  INFO 8354 --- [    Test worker] com.zaxxer.hikari.HikariDataSource       : HikariPool-1 - Starting...
2025-05-20 16:52:36.957  INFO 8354 --- [    Test worker] com.zaxxer.hikari.HikariDataSource       : HikariPool-1 - Start completed.
2025-05-20 16:52:36.972  INFO 8354 --- [    Test worker] org.hibernate.dialect.Dialect            : HHH000400: Using dialect: org.hibernate.dialect.H2Dialect
2025-05-20 16:52:37.368 DEBUG 8354 --- [    Test worker] org.hibernate.SQL                        : 
    
    create table telefonos (
       id bigint generated by default as identity,
        citycode integer not null,
        contrycode varchar(10) not null,
        number bigint not null,
        usuario_id bigint not null,
        primary key (id)
    )
Hibernate: 
    
    create table telefonos (
       id bigint generated by default as identity,
        citycode integer not null,
        contrycode varchar(10) not null,
        number bigint not null,
        usuario_id bigint not null,
        primary key (id)
    )
2025-05-20 16:52:37.373 DEBUG 8354 --- [    Test worker] org.hibernate.SQL                        : 
    
    create table users (
       id bigint generated by default as identity,
        created timestamp not null,
        email varchar(150) not null,
        is_active boolean not null,
        last_login timestamp not null,
        name varchar(100),
        password varchar(255) not null,
        primary key (id)
    )
Hibernate: 
    
    create table users (
       id bigint generated by default as identity,
        created timestamp not null,
        email varchar(150) not null,
        is_active boolean not null,
        last_login timestamp not null,
        name varchar(100),
        password varchar(255) not null,
        primary key (id)
    )
2025-05-20 16:52:37.375 DEBUG 8354 --- [    Test worker] org.hibernate.SQL                        : 
    
    alter table users 
       drop constraint if exists UK_6dotkott2kjsp8vw4d0m25fb7
Hibernate: 
    
    alter table users 
       drop constraint if exists UK_6dotkott2kjsp8vw4d0m25fb7
2025-05-20 16:52:37.375 DEBUG 8354 --- [    Test worker] org.hibernate.SQL                        : 
    
    alter table users 
       add constraint UK_6dotkott2kjsp8vw4d0m25fb7 unique (email)
Hibernate: 
    
    alter table users 
       add constraint UK_6dotkott2kjsp8vw4d0m25fb7 unique (email)
2025-05-20 16:52:37.383 DEBUG 8354 --- [    Test worker] org.hibernate.SQL                        : 
    
    alter table telefonos 
       add constraint FK73m3wlo84p4q8dw6m726m8d9v 
       foreign key (usuario_id) 
       references users
Hibernate: 
    
    alter table telefonos 
       add constraint FK73m3wlo84p4q8dw6m726m8d9v 
       foreign key (usuario_id) 
       references users
2025-05-20 16:52:37.392  INFO 8354 --- [    Test worker] o.h.e.t.j.p.i.JtaPlatformInitiator       : HHH000490: Using JtaPlatform implementation: [org.hibernate.engine.transaction.jta.platform.internal.NoJtaPlatform]
2025-05-20 16:52:37.411  INFO 8354 --- [    Test worker] j.LocalContainerEntityManagerFactoryBean : Initialized JPA EntityManagerFactory for persistence unit 'default'
2025-05-20 16:52:37.632  WARN 8354 --- [    Test worker] JpaBaseConfiguration$JpaWebConfiguration : spring.jpa.open-in-view is enabled by default. Therefore, database queries may be performed during view rendering. Explicitly configure spring.jpa.open-in-view to disable this warning
2025-05-20 16:52:37.689  WARN 8354 --- [    Test worker] .s.s.UserDetailsServiceAutoConfiguration : 

Using generated security password: dec70229-e8e3-4a79-b524-aee888b97583

This generated password is for development use only. Your security configuration must be updated before running your application in production.

2025-05-20 16:52:37.754  INFO 8354 --- [    Test worker] o.s.s.web.DefaultSecurityFilterChain     : Will not secure any request
2025-05-20 16:52:37.953  INFO 8354 --- [    Test worker] o.s.b.a.h2.H2ConsoleAutoConfiguration    : H2 console available at '/h2-console'. Database available at 'jdbc:h2:mem:usuariosdb'
2025-05-20 16:52:38.079  INFO 8354 --- [    Test worker] c.g.m.Microservice1ApplicationTests      : Started Microservice1ApplicationTests in 2.282 seconds (JVM running for 2.937)
]]></system-out>
  <system-err><![CDATA[]]></system-err>
</testsuite>
