<?xml version="1.0" encoding="UTF-8"?>
<testsuite name="com.globallogic.microservice1.service.UsuarioServiceImplTest$CrearUsuario" tests="3" skipped="0" failures="0" errors="0" timestamp="2025-05-21T00:56:32" hostname="DESKTOP-8FATH2O" time="0.129">
  <properties/>
  <testcase name="lanza excepciÃ³n si email duplica" classname="com.globallogic.microservice1.service.UsuarioServiceImplTest$CrearUsuario" time="0.113"/>
  <testcase name="iniciarSesion actualiza lastLogin" classname="com.globallogic.microservice1.service.UsuarioServiceImplTest$CrearUsuario" time="0.009"/>
  <testcase name="crea usuario cuando email no existe" classname="com.globallogic.microservice1.service.UsuarioServiceImplTest$CrearUsuario" time="0.007"/>
  <system-out><![CDATA[]]></system-out>
  <system-err><![CDATA[]]></system-err>
</testsuite>
