<?xml version="1.0" encoding="UTF-8"?>
<testsuite name="com.globallogic.microservice1.controller.UsuarioControllerTest" tests="3" skipped="0" failures="0" errors="0" timestamp="2025-05-21T20:46:06" hostname="MacBook-Air-de-Augusto.local" time="0.127">
  <properties/>
  <testcase name="listarUsuarios: devuelve lista" classname="com.globallogic.microservice1.controller.UsuarioControllerTest" time="0.06"/>
  <testcase name="signUp: email faltante -&gt; 400 Bad Request" classname="com.globallogic.microservice1.controller.UsuarioControllerTest" time="0.051"/>
  <testcase name="perfil: devuelve perfil del usuario" classname="com.globallogic.microservice1.controller.UsuarioControllerTest" time="0.014"/>
  <system-out><![CDATA[2025-05-21 17:46:06.689  INFO 15799 --- [    Test worker] .b.t.a.w.s.WebMvcTestContextBootstrapper : Neither @ContextConfiguration nor @ContextHierarchy found for test class [com.globallogic.microservice1.controller.UsuarioControllerTest], using SpringBootContextLoader
2025-05-21 17:46:06.690  INFO 15799 --- [    Test worker] o.s.t.c.support.AbstractContextLoader    : Could not detect default resource locations for test class [com.globallogic.microservice1.controller.UsuarioControllerTest]: no resource found for suffixes {-context.xml, Context.groovy}.
2025-05-21 17:46:06.690  INFO 15799 --- [    Test worker] t.c.s.AnnotationConfigContextLoaderUtils : Could not detect default configuration classes for test class [com.globallogic.microservice1.controller.UsuarioControllerTest]: UsuarioControllerTest does not declare any static, non-private, non-final, nested classes annotated with @Configuration.
2025-05-21 17:46:06.698  INFO 15799 --- [    Test worker] .b.t.c.SpringBootTestContextBootstrapper : Found @SpringBootConfiguration com.globallogic.microservice1.Microservice1Application for test class com.globallogic.microservice1.controller.UsuarioControllerTest
2025-05-21 17:46:06.698  INFO 15799 --- [    Test worker] .b.t.a.w.s.WebMvcTestContextBootstrapper : Loaded default TestExecutionListener class names from location [META-INF/spring.factories]: [org.springframework.boot.test.autoconfigure.restdocs.RestDocsTestExecutionListener, org.springframework.boot.test.autoconfigure.web.client.MockRestServiceServerResetTestExecutionListener, org.springframework.boot.test.autoconfigure.web.servlet.MockMvcPrintOnlyOnFailureTestExecutionListener, org.springframework.boot.test.autoconfigure.web.servlet.WebDriverTestExecutionListener, org.springframework.boot.test.autoconfigure.webservices.client.MockWebServiceServerTestExecutionListener, org.springframework.boot.test.mock.mockito.MockitoTestExecutionListener, org.springframework.boot.test.mock.mockito.ResetMocksTestExecutionListener, org.springframework.test.context.web.ServletTestExecutionListener, org.springframework.test.context.support.DirtiesContextBeforeModesTestExecutionListener, org.springframework.test.context.event.ApplicationEventsTestExecutionListener, org.springframework.test.context.support.DependencyInjectionTestExecutionListener, org.springframework.test.context.support.DirtiesContextTestExecutionListener, org.springframework.test.context.transaction.TransactionalTestExecutionListener, org.springframework.test.context.jdbc.SqlScriptsTestExecutionListener, org.springframework.test.context.event.EventPublishingTestExecutionListener]
2025-05-21 17:46:06.698  INFO 15799 --- [    Test worker] .b.t.a.w.s.WebMvcTestContextBootstrapper : Using TestExecutionListeners: [org.springframework.test.context.web.ServletTestExecutionListener@7b45f7ef, org.springframework.test.context.support.DirtiesContextBeforeModesTestExecutionListener@5da41d02, org.springframework.test.context.event.ApplicationEventsTestExecutionListener@17d837ab, org.springframework.boot.test.mock.mockito.MockitoTestExecutionListener@4e77f29e, org.springframework.boot.test.autoconfigure.SpringBootDependencyInjectionTestExecutionListener@1a598e30, org.springframework.test.context.support.DirtiesContextTestExecutionListener@6768dc74, org.springframework.test.context.transaction.TransactionalTestExecutionListener@31dbca5d, org.springframework.test.context.jdbc.SqlScriptsTestExecutionListener@40c92dfa, org.springframework.test.context.event.EventPublishingTestExecutionListener@16b713dd, org.springframework.boot.test.autoconfigure.restdocs.RestDocsTestExecutionListener@379df603, org.springframework.boot.test.autoconfigure.web.client.MockRestServiceServerResetTestExecutionListener@58fb5b8f, org.springframework.boot.test.autoconfigure.web.servlet.MockMvcPrintOnlyOnFailureTestExecutionListener@51d41b97, org.springframework.boot.test.autoconfigure.web.servlet.WebDriverTestExecutionListener@7fd3c38b, org.springframework.boot.test.autoconfigure.webservices.client.MockWebServiceServerTestExecutionListener@27260f9c, org.springframework.boot.test.mock.mockito.ResetMocksTestExecutionListener@25031fd4]

  .   ____          _            __ _ _
 /\\ / ___'_ __ _ _(_)_ __  __ _ \ \ \ \
( ( )\___ | '_ | '_| | '_ \/ _` | \ \ \ \
 \\/  ___)| |_)| | | | | || (_| |  ) ) ) )
  '  |____| .__|_| |_|_| |_\__, | / / / /
 =========|_|==============|___/=/_/_/_/
 :: Spring Boot ::               (v2.5.14)

2025-05-21 17:46:06.710  INFO 15799 --- [    Test worker] c.g.m.controller.UsuarioControllerTest   : Starting UsuarioControllerTest using Java 11.0.23 on MacBook-Air-de-Augusto.local with PID 15799 (started by augustosensei in /Users/augustosensei/Documents/spring/globallogic/ejercicio/microservice1)
2025-05-21 17:46:06.710  INFO 15799 --- [    Test worker] c.g.m.controller.UsuarioControllerTest   : No active profile set, falling back to 1 default profile: "default"
2025-05-21 17:46:06.831  WARN 15799 --- [    Test worker] .s.s.UserDetailsServiceAutoConfiguration : 

Using generated security password: 377388b8-ba12-4d42-a433-3e8db750b747

This generated password is for development use only. Your security configuration must be updated before running your application in production.

2025-05-21 17:46:06.852  INFO 15799 --- [    Test worker] o.s.s.web.DefaultSecurityFilterChain     : Will not secure any request
2025-05-21 17:46:06.947  INFO 15799 --- [    Test worker] o.s.b.t.m.w.SpringBootMockServletContext : Initializing Spring TestDispatcherServlet ''
2025-05-21 17:46:06.947  INFO 15799 --- [    Test worker] o.s.t.web.servlet.TestDispatcherServlet  : Initializing Servlet ''
2025-05-21 17:46:06.947  INFO 15799 --- [    Test worker] o.s.t.web.servlet.TestDispatcherServlet  : Completed initialization in 0 ms
2025-05-21 17:46:06.952  INFO 15799 --- [    Test worker] c.g.m.controller.UsuarioControllerTest   : Started UsuarioControllerTest in 0.252 seconds (JVM running for 2.73)
]]></system-out>
  <system-err><![CDATA[]]></system-err>
</testsuite>
