<?xml version="1.0" encoding="UTF-8"?>
<testsuite name="com.globallogic.microservice1.controller.UsuarioControllerTest" tests="5" skipped="0" failures="0" errors="0" timestamp="2025-05-20T21:21:28" hostname="MacBook-Air-de-Augusto.local" time="0.139">
  <properties/>
  <testcase name="listarUsuarios: devuelve lista" classname="com.globallogic.microservice1.controller.UsuarioControllerTest" time="0.066"/>
  <testcase name="signUp: email faltante -&gt; 400 Bad Request" classname="com.globallogic.microservice1.controller.UsuarioControllerTest" time="0.045"/>
  <testcase name="getByEmail: encuentra usuario por email" classname="com.globallogic.microservice1.controller.UsuarioControllerTest" time="0.015"/>
  <testcase name="perfil: devuelve perfil del usuario" classname="com.globallogic.microservice1.controller.UsuarioControllerTest" time="0.004"/>
  <testcase name="signUp: crea usuario y responde 200 con cuerpo" classname="com.globallogic.microservice1.controller.UsuarioControllerTest" time="0.006"/>
  <system-out><![CDATA[2025-05-20 18:21:28.548  INFO 13290 --- [    Test worker] .b.t.a.w.s.WebMvcTestContextBootstrapper : Neither @ContextConfiguration nor @ContextHierarchy found for test class [com.globallogic.microservice1.controller.UsuarioControllerTest], using SpringBootContextLoader
2025-05-20 18:21:28.549  INFO 13290 --- [    Test worker] o.s.t.c.support.AbstractContextLoader    : Could not detect default resource locations for test class [com.globallogic.microservice1.controller.UsuarioControllerTest]: no resource found for suffixes {-context.xml, Context.groovy}.
2025-05-20 18:21:28.549  INFO 13290 --- [    Test worker] t.c.s.AnnotationConfigContextLoaderUtils : Could not detect default configuration classes for test class [com.globallogic.microservice1.controller.UsuarioControllerTest]: UsuarioControllerTest does not declare any static, non-private, non-final, nested classes annotated with @Configuration.
2025-05-20 18:21:28.557  INFO 13290 --- [    Test worker] .b.t.c.SpringBootTestContextBootstrapper : Found @SpringBootConfiguration com.globallogic.microservice1.Microservice1Application for test class com.globallogic.microservice1.controller.UsuarioControllerTest
2025-05-20 18:21:28.558  INFO 13290 --- [    Test worker] .b.t.a.w.s.WebMvcTestContextBootstrapper : Loaded default TestExecutionListener class names from location [META-INF/spring.factories]: [org.springframework.boot.test.autoconfigure.restdocs.RestDocsTestExecutionListener, org.springframework.boot.test.autoconfigure.web.client.MockRestServiceServerResetTestExecutionListener, org.springframework.boot.test.autoconfigure.web.servlet.MockMvcPrintOnlyOnFailureTestExecutionListener, org.springframework.boot.test.autoconfigure.web.servlet.WebDriverTestExecutionListener, org.springframework.boot.test.autoconfigure.webservices.client.MockWebServiceServerTestExecutionListener, org.springframework.boot.test.mock.mockito.MockitoTestExecutionListener, org.springframework.boot.test.mock.mockito.ResetMocksTestExecutionListener, org.springframework.test.context.web.ServletTestExecutionListener, org.springframework.test.context.support.DirtiesContextBeforeModesTestExecutionListener, org.springframework.test.context.event.ApplicationEventsTestExecutionListener, org.springframework.test.context.support.DependencyInjectionTestExecutionListener, org.springframework.test.context.support.DirtiesContextTestExecutionListener, org.springframework.test.context.transaction.TransactionalTestExecutionListener, org.springframework.test.context.jdbc.SqlScriptsTestExecutionListener, org.springframework.test.context.event.EventPublishingTestExecutionListener]
2025-05-20 18:21:28.558  INFO 13290 --- [    Test worker] .b.t.a.w.s.WebMvcTestContextBootstrapper : Using TestExecutionListeners: [org.springframework.test.context.web.ServletTestExecutionListener@379df603, org.springframework.test.context.support.DirtiesContextBeforeModesTestExecutionListener@58fb5b8f, org.springframework.test.context.event.ApplicationEventsTestExecutionListener@51d41b97, org.springframework.boot.test.mock.mockito.MockitoTestExecutionListener@7fd3c38b, org.springframework.boot.test.autoconfigure.SpringBootDependencyInjectionTestExecutionListener@27260f9c, org.springframework.test.context.support.DirtiesContextTestExecutionListener@25031fd4, org.springframework.test.context.transaction.TransactionalTestExecutionListener@54faa040, org.springframework.test.context.jdbc.SqlScriptsTestExecutionListener@35d4fecf, org.springframework.test.context.event.EventPublishingTestExecutionListener@22195d06, org.springframework.boot.test.autoconfigure.restdocs.RestDocsTestExecutionListener@1f591b2e, org.springframework.boot.test.autoconfigure.web.client.MockRestServiceServerResetTestExecutionListener@1e205025, org.springframework.boot.test.autoconfigure.web.servlet.MockMvcPrintOnlyOnFailureTestExecutionListener@c10f7a8, org.springframework.boot.test.autoconfigure.web.servlet.WebDriverTestExecutionListener@64096a41, org.springframework.boot.test.autoconfigure.webservices.client.MockWebServiceServerTestExecutionListener@33de9d85, org.springframework.boot.test.mock.mockito.ResetMocksTestExecutionListener@2f6352a3]

  .   ____          _            __ _ _
 /\\ / ___'_ __ _ _(_)_ __  __ _ \ \ \ \
( ( )\___ | '_ | '_| | '_ \/ _` | \ \ \ \
 \\/  ___)| |_)| | | | | || (_| |  ) ) ) )
  '  |____| .__|_| |_|_| |_\__, | / / / /
 =========|_|==============|___/=/_/_/_/
 :: Spring Boot ::               (v2.5.14)

2025-05-20 18:21:28.568  INFO 13290 --- [    Test worker] c.g.m.controller.UsuarioControllerTest   : Starting UsuarioControllerTest using Java 11.0.23 on MacBook-Air-de-Augusto.local with PID 13290 (started by augustosensei in /Users/augustosensei/Documents/spring/globallogic/ejercicio/microservice1)
2025-05-20 18:21:28.568  INFO 13290 --- [    Test worker] c.g.m.controller.UsuarioControllerTest   : No active profile set, falling back to 1 default profile: "default"
2025-05-20 18:21:28.685  WARN 13290 --- [    Test worker] .s.s.UserDetailsServiceAutoConfiguration : 

Using generated security password: c9146504-176f-4abe-bf46-2dc94b9a401c

This generated password is for development use only. Your security configuration must be updated before running your application in production.

2025-05-20 18:21:28.704  INFO 13290 --- [    Test worker] o.s.s.web.DefaultSecurityFilterChain     : Will not secure any request
2025-05-20 18:21:28.792  INFO 13290 --- [    Test worker] o.s.b.t.m.w.SpringBootMockServletContext : Initializing Spring TestDispatcherServlet ''
2025-05-20 18:21:28.793  INFO 13290 --- [    Test worker] o.s.t.web.servlet.TestDispatcherServlet  : Initializing Servlet ''
2025-05-20 18:21:28.793  INFO 13290 --- [    Test worker] o.s.t.web.servlet.TestDispatcherServlet  : Completed initialization in 0 ms
2025-05-20 18:21:28.800  INFO 13290 --- [    Test worker] c.g.m.controller.UsuarioControllerTest   : Started UsuarioControllerTest in 0.24 seconds (JVM running for 2.762)
]]></system-out>
  <system-err><![CDATA[]]></system-err>
</testsuite>
