<?xml version="1.0" encoding="UTF-8"?>
<testsuite
	name="com.globallogic.microservice1.controller.UsuarioControllerTest"
	tests="3" skipped="0" failures="0" errors="0"
	timestamp="2025-05-22T02:16:27" hostname="DESKTOP-8FATH2O" time="0.229">
	<properties />
	<testcase name="listarUsuarios: devuelve lista"
		classname="com.globallogic.microservice1.controller.UsuarioControllerTest"
		time="0.117" />
	<testcase name="signUp: email faltante -&gt; 400 Bad Request"
		classname="com.globallogic.microservice1.controller.UsuarioControllerTest"
		time="0.089" />
	<testcase name="perfil: devuelve perfil del usuario"
		classname="com.globallogic.microservice1.controller.UsuarioControllerTest"
		time="0.021" />
	<system-out><![CDATA[2025-05-21 23:16:26.676  INFO 16680 --- [    Test worker] .b.t.a.w.s.WebMvcTestContextBootstrapper : Neither @ContextConfiguration nor @ContextHierarchy found for test class [com.globallogic.microservice1.controller.UsuarioControllerTest], using SpringBootContextLoader
2025-05-21 23:16:26.676  INFO 16680 --- [    Test worker] o.s.t.c.support.AbstractContextLoader    : Could not detect default resource locations for test class [com.globallogic.microservice1.controller.UsuarioControllerTest]: no resource found for suffixes {-context.xml, Context.groovy}.
2025-05-21 23:16:26.676  INFO 16680 --- [    Test worker] t.c.s.AnnotationConfigContextLoaderUtils : Could not detect default configuration classes for test class [com.globallogic.microservice1.controller.UsuarioControllerTest]: UsuarioControllerTest does not declare any static, non-private, non-final, nested classes annotated with @Configuration.
2025-05-21 23:16:26.693  INFO 16680 --- [    Test worker] .b.t.c.SpringBootTestContextBootstrapper : Found @SpringBootConfiguration com.globallogic.microservice1.Microservice1Application for test class com.globallogic.microservice1.controller.UsuarioControllerTest
2025-05-21 23:16:26.694  INFO 16680 --- [    Test worker] .b.t.a.w.s.WebMvcTestContextBootstrapper : Loaded default TestExecutionListener class names from location [META-INF/spring.factories]: [org.springframework.boot.test.autoconfigure.restdocs.RestDocsTestExecutionListener, org.springframework.boot.test.autoconfigure.web.client.MockRestServiceServerResetTestExecutionListener, org.springframework.boot.test.autoconfigure.web.servlet.MockMvcPrintOnlyOnFailureTestExecutionListener, org.springframework.boot.test.autoconfigure.web.servlet.WebDriverTestExecutionListener, org.springframework.boot.test.autoconfigure.webservices.client.MockWebServiceServerTestExecutionListener, org.springframework.boot.test.mock.mockito.MockitoTestExecutionListener, org.springframework.boot.test.mock.mockito.ResetMocksTestExecutionListener, org.springframework.test.context.web.ServletTestExecutionListener, org.springframework.test.context.support.DirtiesContextBeforeModesTestExecutionListener, org.springframework.test.context.event.ApplicationEventsTestExecutionListener, org.springframework.test.context.support.DependencyInjectionTestExecutionListener, org.springframework.test.context.support.DirtiesContextTestExecutionListener, org.springframework.test.context.transaction.TransactionalTestExecutionListener, org.springframework.test.context.jdbc.SqlScriptsTestExecutionListener, org.springframework.test.context.event.EventPublishingTestExecutionListener]
2025-05-21 23:16:26.695  INFO 16680 --- [    Test worker] .b.t.a.w.s.WebMvcTestContextBootstrapper : Using TestExecutionListeners: [org.springframework.test.context.web.ServletTestExecutionListener@5ae22651, org.springframework.test.context.support.DirtiesContextBeforeModesTestExecutionListener@464017f5, org.springframework.test.context.event.ApplicationEventsTestExecutionListener@3c4231e5, org.springframework.boot.test.mock.mockito.MockitoTestExecutionListener@397f9672, org.springframework.boot.test.autoconfigure.SpringBootDependencyInjectionTestExecutionListener@72e4ffa2, org.springframework.test.context.support.DirtiesContextTestExecutionListener@34dda1b4, org.springframework.test.context.transaction.TransactionalTestExecutionListener@193d73d3, org.springframework.test.context.jdbc.SqlScriptsTestExecutionListener@5cb4ba80, org.springframework.test.context.event.EventPublishingTestExecutionListener@978475b, org.springframework.boot.test.autoconfigure.restdocs.RestDocsTestExecutionListener@507187c1, org.springframework.boot.test.autoconfigure.web.client.MockRestServiceServerResetTestExecutionListener@2220c5f7, org.springframework.boot.test.autoconfigure.web.servlet.MockMvcPrintOnlyOnFailureTestExecutionListener@5bb90b89, org.springframework.boot.test.autoconfigure.web.servlet.WebDriverTestExecutionListener@10b0dd3a, org.springframework.boot.test.autoconfigure.webservices.client.MockWebServiceServerTestExecutionListener@4c231f62, org.springframework.boot.test.mock.mockito.ResetMocksTestExecutionListener@6888746c]

  .   ____          _            __ _ _
 /\\ / ___'_ __ _ _(_)_ __  __ _ \ \ \ \
( ( )\___ | '_ | '_| | '_ \/ _` | \ \ \ \
 \\/  ___)| |_)| | | | | || (_| |  ) ) ) )
  '  |____| .__|_| |_|_| |_\__, | / / / /
 =========|_|==============|___/=/_/_/_/
 :: Spring Boot ::               (v2.5.14)

2025-05-21 23:16:26.716  INFO 16680 --- [    Test worker] c.g.m.controller.UsuarioControllerTest   : Starting UsuarioControllerTest using Java 11.0.0.2 on DESKTOP-8FATH2O with PID 16680 (started by augus in D:\programacion\2025\globallogic\microservice1)
2025-05-21 23:16:26.716  INFO 16680 --- [    Test worker] c.g.m.controller.UsuarioControllerTest   : No active profile set, falling back to 1 default profile: "default"
2025-05-21 23:16:26.952  WARN 16680 --- [    Test worker] .s.s.UserDetailsServiceAutoConfiguration : 

Using generated security password: 785546c5-f645-4c98-a2f7-059659f95cf6

This generated password is for development use only. Your security configuration must be updated before running your application in production.

2025-05-21 23:16:26.988  INFO 16680 --- [    Test worker] o.s.s.web.DefaultSecurityFilterChain     : Will not secure any request
2025-05-21 23:16:27.154  INFO 16680 --- [    Test worker] o.s.b.t.m.w.SpringBootMockServletContext : Initializing Spring TestDispatcherServlet ''
2025-05-21 23:16:27.154  INFO 16680 --- [    Test worker] o.s.t.web.servlet.TestDispatcherServlet  : Initializing Servlet ''
2025-05-21 23:16:27.154  INFO 16680 --- [    Test worker] o.s.t.web.servlet.TestDispatcherServlet  : Completed initialization in 0 ms
2025-05-21 23:16:27.168  INFO 16680 --- [    Test worker] c.g.m.controller.UsuarioControllerTest   : Started UsuarioControllerTest in 0.466 seconds (JVM running for 5.364)
]]></system-out>
	<system-err><![CDATA[]]>
	</system-err>
</testsuite>
