<?xml version="1.0" encoding="UTF-8"?>
<testsuite name="com.globallogic.microservice1.controller.UsuarioControllerTest" tests="3" skipped="0" failures="0" errors="0" timestamp="2025-05-21T00:56:32" hostname="DESKTOP-8FATH2O" time="0.252">
  <properties/>
  <testcase name="listarUsuarios: devuelve lista" classname="com.globallogic.microservice1.controller.UsuarioControllerTest" time="0.142"/>
  <testcase name="signUp: email faltante -&gt; 400 Bad Request" classname="com.globallogic.microservice1.controller.UsuarioControllerTest" time="0.085"/>
  <testcase name="perfil: devuelve perfil del usuario" classname="com.globallogic.microservice1.controller.UsuarioControllerTest" time="0.021"/>
  <system-out><![CDATA[2025-05-20 21:56:31.775  INFO 11760 --- [    Test worker] .b.t.a.w.s.WebMvcTestContextBootstrapper : Neither @ContextConfiguration nor @ContextHierarchy found for test class [com.globallogic.microservice1.controller.UsuarioControllerTest], using SpringBootContextLoader
2025-05-20 21:56:31.776  INFO 11760 --- [    Test worker] o.s.t.c.support.AbstractContextLoader    : Could not detect default resource locations for test class [com.globallogic.microservice1.controller.UsuarioControllerTest]: no resource found for suffixes {-context.xml, Context.groovy}.
2025-05-20 21:56:31.776  INFO 11760 --- [    Test worker] t.c.s.AnnotationConfigContextLoaderUtils : Could not detect default configuration classes for test class [com.globallogic.microservice1.controller.UsuarioControllerTest]: UsuarioControllerTest does not declare any static, non-private, non-final, nested classes annotated with @Configuration.
2025-05-20 21:56:31.792  INFO 11760 --- [    Test worker] .b.t.c.SpringBootTestContextBootstrapper : Found @SpringBootConfiguration com.globallogic.microservice1.Microservice1Application for test class com.globallogic.microservice1.controller.UsuarioControllerTest
2025-05-20 21:56:31.793  INFO 11760 --- [    Test worker] .b.t.a.w.s.WebMvcTestContextBootstrapper : Loaded default TestExecutionListener class names from location [META-INF/spring.factories]: [org.springframework.boot.test.autoconfigure.restdocs.RestDocsTestExecutionListener, org.springframework.boot.test.autoconfigure.web.client.MockRestServiceServerResetTestExecutionListener, org.springframework.boot.test.autoconfigure.web.servlet.MockMvcPrintOnlyOnFailureTestExecutionListener, org.springframework.boot.test.autoconfigure.web.servlet.WebDriverTestExecutionListener, org.springframework.boot.test.autoconfigure.webservices.client.MockWebServiceServerTestExecutionListener, org.springframework.boot.test.mock.mockito.MockitoTestExecutionListener, org.springframework.boot.test.mock.mockito.ResetMocksTestExecutionListener, org.springframework.test.context.web.ServletTestExecutionListener, org.springframework.test.context.support.DirtiesContextBeforeModesTestExecutionListener, org.springframework.test.context.event.ApplicationEventsTestExecutionListener, org.springframework.test.context.support.DependencyInjectionTestExecutionListener, org.springframework.test.context.support.DirtiesContextTestExecutionListener, org.springframework.test.context.transaction.TransactionalTestExecutionListener, org.springframework.test.context.jdbc.SqlScriptsTestExecutionListener, org.springframework.test.context.event.EventPublishingTestExecutionListener]
2025-05-20 21:56:31.793  INFO 11760 --- [    Test worker] .b.t.a.w.s.WebMvcTestContextBootstrapper : Using TestExecutionListeners: [org.springframework.test.context.web.ServletTestExecutionListener@6d3194ff, org.springframework.test.context.support.DirtiesContextBeforeModesTestExecutionListener@393d4e34, org.springframework.test.context.event.ApplicationEventsTestExecutionListener@123d666b, org.springframework.boot.test.mock.mockito.MockitoTestExecutionListener@1f3310fc, org.springframework.boot.test.autoconfigure.SpringBootDependencyInjectionTestExecutionListener@7e44f989, org.springframework.test.context.support.DirtiesContextTestExecutionListener@2d5b549b, org.springframework.test.context.transaction.TransactionalTestExecutionListener@542c6165, org.springframework.test.context.jdbc.SqlScriptsTestExecutionListener@539f2fec, org.springframework.test.context.event.EventPublishingTestExecutionListener@a4e1ca7, org.springframework.boot.test.autoconfigure.restdocs.RestDocsTestExecutionListener@7d466ef9, org.springframework.boot.test.autoconfigure.web.client.MockRestServiceServerResetTestExecutionListener@4a561f7d, org.springframework.boot.test.autoconfigure.web.servlet.MockMvcPrintOnlyOnFailureTestExecutionListener@601ca994, org.springframework.boot.test.autoconfigure.web.servlet.WebDriverTestExecutionListener@1acd2a14, org.springframework.boot.test.autoconfigure.webservices.client.MockWebServiceServerTestExecutionListener@5432be12, org.springframework.boot.test.mock.mockito.ResetMocksTestExecutionListener@2ee5fe1e]

  .   ____          _            __ _ _
 /\\ / ___'_ __ _ _(_)_ __  __ _ \ \ \ \
( ( )\___ | '_ | '_| | '_ \/ _` | \ \ \ \
 \\/  ___)| |_)| | | | | || (_| |  ) ) ) )
  '  |____| .__|_| |_|_| |_\__, | / / / /
 =========|_|==============|___/=/_/_/_/
 :: Spring Boot ::               (v2.5.14)

2025-05-20 21:56:31.812  INFO 11760 --- [    Test worker] c.g.m.controller.UsuarioControllerTest   : Starting UsuarioControllerTest using Java 11.0.0.2 on DESKTOP-8FATH2O with PID 11760 (started by augus in D:\programacion\2025\globallogic\microservice1)
2025-05-20 21:56:31.812  INFO 11760 --- [    Test worker] c.g.m.controller.UsuarioControllerTest   : No active profile set, falling back to 1 default profile: "default"
2025-05-20 21:56:32.065  WARN 11760 --- [    Test worker] .s.s.UserDetailsServiceAutoConfiguration : 

Using generated security password: 8e80b205-9600-435b-97f4-3c7da42152ed

This generated password is for development use only. Your security configuration must be updated before running your application in production.

2025-05-20 21:56:32.104  INFO 11760 --- [    Test worker] o.s.s.web.DefaultSecurityFilterChain     : Will not secure any request
2025-05-20 21:56:32.291  INFO 11760 --- [    Test worker] o.s.b.t.m.w.SpringBootMockServletContext : Initializing Spring TestDispatcherServlet ''
2025-05-20 21:56:32.291  INFO 11760 --- [    Test worker] o.s.t.web.servlet.TestDispatcherServlet  : Initializing Servlet ''
2025-05-20 21:56:32.292  INFO 11760 --- [    Test worker] o.s.t.web.servlet.TestDispatcherServlet  : Completed initialization in 1 ms
2025-05-20 21:56:32.308  INFO 11760 --- [    Test worker] c.g.m.controller.UsuarioControllerTest   : Started UsuarioControllerTest in 0.509 seconds (JVM running for 5.607)
]]></system-out>
  <system-err><![CDATA[]]></system-err>
</testsuite>
