<?xml version="1.0" encoding="UTF-8"?>
<testsuite name="com.globallogic.microservice1.Microservice1ApplicationTests" tests="1" skipped="0" failures="0" errors="0" timestamp="2025-05-16T15:06:55" hostname="DESKTOP-8FATH2O" time="0.128">
  <properties/>
  <testcase name="contextLoads()" classname="com.globallogic.microservice1.Microservice1ApplicationTests" time="0.128"/>
  <system-out><![CDATA[12:06:49.215 [Test worker] DEBUG org.springframework.test.context.BootstrapUtils - Instantiating CacheAwareContextLoaderDelegate from class [org.springframework.test.context.cache.DefaultCacheAwareContextLoaderDelegate]
12:06:49.234 [Test worker] DEBUG org.springframework.test.context.BootstrapUtils - Instantiating BootstrapContext using constructor [public org.springframework.test.context.support.DefaultBootstrapContext(java.lang.Class,org.springframework.test.context.CacheAwareContextLoaderDelegate)]
12:06:49.290 [Test worker] DEBUG org.springframework.test.context.BootstrapUtils - Instantiating TestContextBootstrapper for test class [com.globallogic.microservice1.Microservice1ApplicationTests] from class [org.springframework.boot.test.context.SpringBootTestContextBootstrapper]
12:06:49.307 [Test worker] INFO org.springframework.boot.test.context.SpringBootTestContextBootstrapper - Neither @ContextConfiguration nor @ContextHierarchy found for test class [com.globallogic.microservice1.Microservice1ApplicationTests], using SpringBootContextLoader
12:06:49.315 [Test worker] DEBUG org.springframework.test.context.support.AbstractContextLoader - Did not detect default resource location for test class [com.globallogic.microservice1.Microservice1ApplicationTests]: class path resource [com/globallogic/microservice1/Microservice1ApplicationTests-context.xml] does not exist
12:06:49.316 [Test worker] DEBUG org.springframework.test.context.support.AbstractContextLoader - Did not detect default resource location for test class [com.globallogic.microservice1.Microservice1ApplicationTests]: class path resource [com/globallogic/microservice1/Microservice1ApplicationTestsContext.groovy] does not exist
12:06:49.316 [Test worker] INFO org.springframework.test.context.support.AbstractContextLoader - Could not detect default resource locations for test class [com.globallogic.microservice1.Microservice1ApplicationTests]: no resource found for suffixes {-context.xml, Context.groovy}.
12:06:49.317 [Test worker] INFO org.springframework.test.context.support.AnnotationConfigContextLoaderUtils - Could not detect default configuration classes for test class [com.globallogic.microservice1.Microservice1ApplicationTests]: Microservice1ApplicationTests does not declare any static, non-private, non-final, nested classes annotated with @Configuration.
12:06:49.376 [Test worker] DEBUG org.springframework.test.context.support.ActiveProfilesUtils - Could not find an 'annotation declaring class' for annotation type [org.springframework.test.context.ActiveProfiles] and class [com.globallogic.microservice1.Microservice1ApplicationTests]
12:06:49.478 [Test worker] DEBUG org.springframework.context.annotation.ClassPathScanningCandidateComponentProvider - Identified candidate component class: file [D:\programacion\2025\globallogic\microservice1\build\classes\java\main\com\globallogic\microservice1\Microservice1Application.class]
12:06:49.479 [Test worker] INFO org.springframework.boot.test.context.SpringBootTestContextBootstrapper - Found @SpringBootConfiguration com.globallogic.microservice1.Microservice1Application for test class com.globallogic.microservice1.Microservice1ApplicationTests
12:06:49.621 [Test worker] DEBUG org.springframework.boot.test.context.SpringBootTestContextBootstrapper - @TestExecutionListeners is not present for class [com.globallogic.microservice1.Microservice1ApplicationTests]: using defaults.
12:06:49.622 [Test worker] INFO org.springframework.boot.test.context.SpringBootTestContextBootstrapper - Loaded default TestExecutionListener class names from location [META-INF/spring.factories]: [org.springframework.boot.test.autoconfigure.restdocs.RestDocsTestExecutionListener, org.springframework.boot.test.autoconfigure.web.client.MockRestServiceServerResetTestExecutionListener, org.springframework.boot.test.autoconfigure.web.servlet.MockMvcPrintOnlyOnFailureTestExecutionListener, org.springframework.boot.test.autoconfigure.web.servlet.WebDriverTestExecutionListener, org.springframework.boot.test.autoconfigure.webservices.client.MockWebServiceServerTestExecutionListener, org.springframework.boot.test.mock.mockito.MockitoTestExecutionListener, org.springframework.boot.test.mock.mockito.ResetMocksTestExecutionListener, org.springframework.test.context.web.ServletTestExecutionListener, org.springframework.test.context.support.DirtiesContextBeforeModesTestExecutionListener, org.springframework.test.context.event.ApplicationEventsTestExecutionListener, org.springframework.test.context.support.DependencyInjectionTestExecutionListener, org.springframework.test.context.support.DirtiesContextTestExecutionListener, org.springframework.test.context.transaction.TransactionalTestExecutionListener, org.springframework.test.context.jdbc.SqlScriptsTestExecutionListener, org.springframework.test.context.event.EventPublishingTestExecutionListener]
12:06:49.648 [Test worker] INFO org.springframework.boot.test.context.SpringBootTestContextBootstrapper - Using TestExecutionListeners: [org.springframework.test.context.web.ServletTestExecutionListener@4163f1cd, org.springframework.test.context.support.DirtiesContextBeforeModesTestExecutionListener@5fa05212, org.springframework.test.context.event.ApplicationEventsTestExecutionListener@3e681bc, org.springframework.boot.test.mock.mockito.MockitoTestExecutionListener@5c09d180, org.springframework.boot.test.autoconfigure.SpringBootDependencyInjectionTestExecutionListener@23aae55, org.springframework.test.context.support.DirtiesContextTestExecutionListener@5f574cc2, org.springframework.test.context.transaction.TransactionalTestExecutionListener@680bddf5, org.springframework.test.context.jdbc.SqlScriptsTestExecutionListener@7a9c84a5, org.springframework.test.context.event.EventPublishingTestExecutionListener@2d83c5a5, org.springframework.boot.test.autoconfigure.restdocs.RestDocsTestExecutionListener@48d7ad8b, org.springframework.boot.test.autoconfigure.web.client.MockRestServiceServerResetTestExecutionListener@7e053511, org.springframework.boot.test.autoconfigure.web.servlet.MockMvcPrintOnlyOnFailureTestExecutionListener@60222fd8, org.springframework.boot.test.autoconfigure.web.servlet.WebDriverTestExecutionListener@53bf7094, org.springframework.boot.test.autoconfigure.webservices.client.MockWebServiceServerTestExecutionListener@26f1249d, org.springframework.boot.test.mock.mockito.ResetMocksTestExecutionListener@710b30ef]
12:06:49.653 [Test worker] DEBUG org.springframework.test.context.support.AbstractDirtiesContextTestExecutionListener - Before test class: context [DefaultTestContext@6f330eb9 testClass = Microservice1ApplicationTests, testInstance = [null], testMethod = [null], testException = [null], mergedContextConfiguration = [WebMergedContextConfiguration@125c082e testClass = Microservice1ApplicationTests, locations = '{}', classes = '{class com.globallogic.microservice1.Microservice1Application}', contextInitializerClasses = '[]', activeProfiles = '{}', propertySourceLocations = '{}', propertySourceProperties = '{org.springframework.boot.test.context.SpringBootTestContextBootstrapper=true}', contextCustomizers = set[org.springframework.boot.test.autoconfigure.actuate.metrics.MetricsExportContextCustomizerFactory$DisableMetricExportContextCustomizer@3fc9dfc5, org.springframework.boot.test.autoconfigure.properties.PropertyMappingContextCustomizer@0, org.springframework.boot.test.autoconfigure.web.servlet.WebDriverContextCustomizerFactory$Customizer@3383649e, org.springframework.boot.test.context.filter.ExcludeFilterContextCustomizer@1ce61929, org.springframework.boot.test.json.DuplicateJsonObjectContextCustomizerFactory$DuplicateJsonObjectContextCustomizer@58670130, org.springframework.boot.test.mock.mockito.MockitoContextCustomizer@0, org.springframework.boot.test.web.client.TestRestTemplateContextCustomizer@18245eb0, org.springframework.boot.test.context.SpringBootTestArgs@1, org.springframework.boot.test.context.SpringBootTestWebEnvironment@55cf0d14], resourceBasePath = 'src/main/webapp', contextLoader = 'org.springframework.boot.test.context.SpringBootContextLoader', parent = [null]], attributes = map['org.springframework.test.context.web.ServletTestExecutionListener.activateListener' -> true]], class annotated with @DirtiesContext [false] with mode [null].

  .   ____          _            __ _ _
 /\\ / ___'_ __ _ _(_)_ __  __ _ \ \ \ \
( ( )\___ | '_ | '_| | '_ \/ _` | \ \ \ \
 \\/  ___)| |_)| | | | | || (_| |  ) ) ) )
  '  |____| .__|_| |_|_| |_\__, | / / / /
 =========|_|==============|___/=/_/_/_/
 :: Spring Boot ::               (v2.5.14)

2025-05-16 12:06:50.139  INFO 23672 --- [    Test worker] c.g.m.Microservice1ApplicationTests      : Starting Microservice1ApplicationTests using Java 11.0.27 on DESKTOP-8FATH2O with PID 23672 (started by augus in D:\programacion\2025\globallogic\microservice1)
2025-05-16 12:06:50.141  INFO 23672 --- [    Test worker] c.g.m.Microservice1ApplicationTests      : No active profile set, falling back to 1 default profile: "default"
2025-05-16 12:06:51.057  INFO 23672 --- [    Test worker] .s.d.r.c.RepositoryConfigurationDelegate : Bootstrapping Spring Data JPA repositories in DEFAULT mode.
2025-05-16 12:06:51.136  INFO 23672 --- [    Test worker] .s.d.r.c.RepositoryConfigurationDelegate : Finished Spring Data repository scanning in 67 ms. Found 2 JPA repository interfaces.
2025-05-16 12:06:51.818  INFO 23672 --- [    Test worker] o.hibernate.jpa.internal.util.LogHelper  : HHH000204: Processing PersistenceUnitInfo [name: default]
2025-05-16 12:06:51.903  INFO 23672 --- [    Test worker] org.hibernate.Version                    : HHH000412: Hibernate ORM core version 5.4.33
2025-05-16 12:06:52.096  INFO 23672 --- [    Test worker] o.hibernate.annotations.common.Version   : HCANN000001: Hibernate Commons Annotations {5.1.2.Final}
2025-05-16 12:06:52.256  INFO 23672 --- [    Test worker] com.zaxxer.hikari.HikariDataSource       : HikariPool-1 - Starting...
2025-05-16 12:06:52.699  INFO 23672 --- [    Test worker] com.zaxxer.hikari.HikariDataSource       : HikariPool-1 - Start completed.
2025-05-16 12:06:52.762  INFO 23672 --- [    Test worker] org.hibernate.dialect.Dialect            : HHH000400: Using dialect: org.hibernate.dialect.H2Dialect
2025-05-16 12:06:53.746 DEBUG 23672 --- [    Test worker] org.hibernate.SQL                        : 
    
    create table telefonos (
       id bigint generated by default as identity,
        citycode integer not null,
        contrycode varchar(10) not null,
        number bigint not null,
        usuario_id bigint not null,
        primary key (id)
    )
Hibernate: 
    
    create table telefonos (
       id bigint generated by default as identity,
        citycode integer not null,
        contrycode varchar(10) not null,
        number bigint not null,
        usuario_id bigint not null,
        primary key (id)
    )
2025-05-16 12:06:53.760 DEBUG 23672 --- [    Test worker] org.hibernate.SQL                        : 
    
    create table users (
       id bigint generated by default as identity,
        created timestamp not null,
        email varchar(150) not null,
        is_active boolean not null,
        last_login timestamp not null,
        name varchar(100),
        password varchar(255) not null,
        primary key (id)
    )
Hibernate: 
    
    create table users (
       id bigint generated by default as identity,
        created timestamp not null,
        email varchar(150) not null,
        is_active boolean not null,
        last_login timestamp not null,
        name varchar(100),
        password varchar(255) not null,
        primary key (id)
    )
2025-05-16 12:06:53.764 DEBUG 23672 --- [    Test worker] org.hibernate.SQL                        : 
    
    alter table users 
       drop constraint if exists UK_6dotkott2kjsp8vw4d0m25fb7
Hibernate: 
    
    alter table users 
       drop constraint if exists UK_6dotkott2kjsp8vw4d0m25fb7
2025-05-16 12:06:53.764 DEBUG 23672 --- [    Test worker] org.hibernate.SQL                        : 
    
    alter table users 
       add constraint UK_6dotkott2kjsp8vw4d0m25fb7 unique (email)
Hibernate: 
    
    alter table users 
       add constraint UK_6dotkott2kjsp8vw4d0m25fb7 unique (email)
2025-05-16 12:06:53.767 DEBUG 23672 --- [    Test worker] org.hibernate.SQL                        : 
    
    alter table telefonos 
       add constraint FK73m3wlo84p4q8dw6m726m8d9v 
       foreign key (usuario_id) 
       references users
Hibernate: 
    
    alter table telefonos 
       add constraint FK73m3wlo84p4q8dw6m726m8d9v 
       foreign key (usuario_id) 
       references users
2025-05-16 12:06:53.771  INFO 23672 --- [    Test worker] o.h.e.t.j.p.i.JtaPlatformInitiator       : HHH000490: Using JtaPlatform implementation: [org.hibernate.engine.transaction.jta.platform.internal.NoJtaPlatform]
2025-05-16 12:06:53.781  INFO 23672 --- [    Test worker] j.LocalContainerEntityManagerFactoryBean : Initialized JPA EntityManagerFactory for persistence unit 'default'
2025-05-16 12:06:54.277  WARN 23672 --- [    Test worker] JpaBaseConfiguration$JpaWebConfiguration : spring.jpa.open-in-view is enabled by default. Therefore, database queries may be performed during view rendering. Explicitly configure spring.jpa.open-in-view to disable this warning
2025-05-16 12:06:54.450  WARN 23672 --- [    Test worker] .s.s.UserDetailsServiceAutoConfiguration : 

Using generated security password: 5491a14a-8701-45d0-b015-e2697f1eb542

This generated password is for development use only. Your security configuration must be updated before running your application in production.

2025-05-16 12:06:54.625  INFO 23672 --- [    Test worker] o.s.s.web.DefaultSecurityFilterChain     : Will not secure any request
2025-05-16 12:06:55.126  INFO 23672 --- [    Test worker] o.s.b.a.h2.H2ConsoleAutoConfiguration    : H2 console available at '/h2-console'. Database available at 'jdbc:h2:mem:usuariosdb'
2025-05-16 12:06:55.494  INFO 23672 --- [    Test worker] c.g.m.Microservice1ApplicationTests      : Started Microservice1ApplicationTests in 5.769 seconds (JVM running for 7.94)
]]></system-out>
  <system-err><![CDATA[[2025.05.16 12:06:54] (Coverage): Error during class instrumentation: org.springframework.security.config.annotation.authentication.configurers.ldap.LdapAuthenticationProviderConfigurer: java.lang.RuntimeException: java.io.IOException: Class org/springframework/security/ldap/authentication/PasswordComparisonAuthenticator not found
[2025.05.16 12:06:54] (Coverage): Error during class instrumentation: org.springframework.security.config.annotation.web.configurers.oauth2.client.OAuth2LoginConfigurer: java.lang.RuntimeException: java.io.IOException: Class org/springframework/security/oauth2/client/endpoint/DefaultAuthorizationCodeTokenResponseClient not found
]]></system-err>
</testsuite>
