<?xml version="1.0" encoding="UTF-8"?>
<testsuite name="com.globallogic.microservice1.controller.UsuarioControllerTest" tests="5" skipped="0" failures="0" errors="0" timestamp="2025-05-20T19:52:38" hostname="MacBook-Air-de-Augusto.local" time="0.147">
  <properties/>
  <testcase name="listarUsuarios: devuelve lista" classname="com.globallogic.microservice1.controller.UsuarioControllerTest" time="0.07"/>
  <testcase name="signUp: email faltante -&gt; 400 Bad Request" classname="com.globallogic.microservice1.controller.UsuarioControllerTest" time="0.053"/>
  <testcase name="getByEmail: encuentra usuario por email" classname="com.globallogic.microservice1.controller.UsuarioControllerTest" time="0.013"/>
  <testcase name="perfil: devuelve perfil del usuario" classname="com.globallogic.microservice1.controller.UsuarioControllerTest" time="0.003"/>
  <testcase name="signUp: crea usuario y responde 200 con cuerpo" classname="com.globallogic.microservice1.controller.UsuarioControllerTest" time="0.005"/>
  <system-out><![CDATA[2025-05-20 16:52:38.140  INFO 8354 --- [    Test worker] .b.t.a.w.s.WebMvcTestContextBootstrapper : Neither @ContextConfiguration nor @ContextHierarchy found for test class [com.globallogic.microservice1.controller.UsuarioControllerTest], using SpringBootContextLoader
2025-05-20 16:52:38.141  INFO 8354 --- [    Test worker] o.s.t.c.support.AbstractContextLoader    : Could not detect default resource locations for test class [com.globallogic.microservice1.controller.UsuarioControllerTest]: no resource found for suffixes {-context.xml, Context.groovy}.
2025-05-20 16:52:38.141  INFO 8354 --- [    Test worker] t.c.s.AnnotationConfigContextLoaderUtils : Could not detect default configuration classes for test class [com.globallogic.microservice1.controller.UsuarioControllerTest]: UsuarioControllerTest does not declare any static, non-private, non-final, nested classes annotated with @Configuration.
2025-05-20 16:52:38.150  INFO 8354 --- [    Test worker] .b.t.c.SpringBootTestContextBootstrapper : Found @SpringBootConfiguration com.globallogic.microservice1.Microservice1Application for test class com.globallogic.microservice1.controller.UsuarioControllerTest
2025-05-20 16:52:38.151  INFO 8354 --- [    Test worker] .b.t.a.w.s.WebMvcTestContextBootstrapper : Loaded default TestExecutionListener class names from location [META-INF/spring.factories]: [org.springframework.boot.test.autoconfigure.restdocs.RestDocsTestExecutionListener, org.springframework.boot.test.autoconfigure.web.client.MockRestServiceServerResetTestExecutionListener, org.springframework.boot.test.autoconfigure.web.servlet.MockMvcPrintOnlyOnFailureTestExecutionListener, org.springframework.boot.test.autoconfigure.web.servlet.WebDriverTestExecutionListener, org.springframework.boot.test.autoconfigure.webservices.client.MockWebServiceServerTestExecutionListener, org.springframework.boot.test.mock.mockito.MockitoTestExecutionListener, org.springframework.boot.test.mock.mockito.ResetMocksTestExecutionListener, org.springframework.test.context.web.ServletTestExecutionListener, org.springframework.test.context.support.DirtiesContextBeforeModesTestExecutionListener, org.springframework.test.context.event.ApplicationEventsTestExecutionListener, org.springframework.test.context.support.DependencyInjectionTestExecutionListener, org.springframework.test.context.support.DirtiesContextTestExecutionListener, org.springframework.test.context.transaction.TransactionalTestExecutionListener, org.springframework.test.context.jdbc.SqlScriptsTestExecutionListener, org.springframework.test.context.event.EventPublishingTestExecutionListener]
2025-05-20 16:52:38.151  INFO 8354 --- [    Test worker] .b.t.a.w.s.WebMvcTestContextBootstrapper : Using TestExecutionListeners: [org.springframework.test.context.web.ServletTestExecutionListener@4d4337f9, org.springframework.test.context.support.DirtiesContextBeforeModesTestExecutionListener@1e6f7c25, org.springframework.test.context.event.ApplicationEventsTestExecutionListener@1a7f2d34, org.springframework.boot.test.mock.mockito.MockitoTestExecutionListener@23243bc0, org.springframework.boot.test.autoconfigure.SpringBootDependencyInjectionTestExecutionListener@770c3ca2, org.springframework.test.context.support.DirtiesContextTestExecutionListener@1267f832, org.springframework.test.context.transaction.TransactionalTestExecutionListener@711261c7, org.springframework.test.context.jdbc.SqlScriptsTestExecutionListener@73eaae1e, org.springframework.test.context.event.EventPublishingTestExecutionListener@659565ed, org.springframework.boot.test.autoconfigure.restdocs.RestDocsTestExecutionListener@481eb705, org.springframework.boot.test.autoconfigure.web.client.MockRestServiceServerResetTestExecutionListener@2ae0eb98, org.springframework.boot.test.autoconfigure.web.servlet.MockMvcPrintOnlyOnFailureTestExecutionListener@c5c2a84, org.springframework.boot.test.autoconfigure.web.servlet.WebDriverTestExecutionListener@42a89cef, org.springframework.boot.test.autoconfigure.webservices.client.MockWebServiceServerTestExecutionListener@7f33ad20, org.springframework.boot.test.mock.mockito.ResetMocksTestExecutionListener@52a23575]

  .   ____          _            __ _ _
 /\\ / ___'_ __ _ _(_)_ __  __ _ \ \ \ \
( ( )\___ | '_ | '_| | '_ \/ _` | \ \ \ \
 \\/  ___)| |_)| | | | | || (_| |  ) ) ) )
  '  |____| .__|_| |_|_| |_\__, | / / / /
 =========|_|==============|___/=/_/_/_/
 :: Spring Boot ::               (v2.5.14)

2025-05-20 16:52:38.167  INFO 8354 --- [    Test worker] c.g.m.controller.UsuarioControllerTest   : Starting UsuarioControllerTest using Java 11.0.23 on MacBook-Air-de-Augusto.local with PID 8354 (started by augustosensei in /Users/augustosensei/Documents/spring/globallogic/ejercicio/microservice1)
2025-05-20 16:52:38.167  INFO 8354 --- [    Test worker] c.g.m.controller.UsuarioControllerTest   : No active profile set, falling back to 1 default profile: "default"
2025-05-20 16:52:38.288  WARN 8354 --- [    Test worker] .s.s.UserDetailsServiceAutoConfiguration : 

Using generated security password: d003e512-c41c-4066-9fc5-5acd663504bb

This generated password is for development use only. Your security configuration must be updated before running your application in production.

2025-05-20 16:52:38.308  INFO 8354 --- [    Test worker] o.s.s.web.DefaultSecurityFilterChain     : Will not secure any request
2025-05-20 16:52:38.402  INFO 8354 --- [    Test worker] o.s.b.t.m.w.SpringBootMockServletContext : Initializing Spring TestDispatcherServlet ''
2025-05-20 16:52:38.402  INFO 8354 --- [    Test worker] o.s.t.web.servlet.TestDispatcherServlet  : Initializing Servlet ''
2025-05-20 16:52:38.403  INFO 8354 --- [    Test worker] o.s.t.web.servlet.TestDispatcherServlet  : Completed initialization in 1 ms
2025-05-20 16:52:38.408  INFO 8354 --- [    Test worker] c.g.m.controller.UsuarioControllerTest   : Started UsuarioControllerTest in 0.256 seconds (JVM running for 3.267)
]]></system-out>
  <system-err><![CDATA[]]></system-err>
</testsuite>
