<?xml version="1.0" encoding="UTF-8"?>
<testsuite name="com.globallogic.microservice1.controller.UsuarioControllerTest" tests="5" skipped="0" failures="0" errors="0" timestamp="2025-05-22T03:24:22" hostname="DESKTOP-8FATH2O" time="0.484">
  <properties/>
  <testcase name="listarUsuarios: devuelve lista" classname="com.globallogic.microservice1.controller.UsuarioControllerTest" time="0.258"/>
  <testcase name="signUp: email faltante -&gt; 400 Bad Request" classname="com.globallogic.microservice1.controller.UsuarioControllerTest" time="0.175"/>
  <testcase name="getByEmail: encuentra usuario por email" classname="com.globallogic.microservice1.controller.UsuarioControllerTest" time="0.028"/>
  <testcase name="perfil: devuelve perfil del usuario" classname="com.globallogic.microservice1.controller.UsuarioControllerTest" time="0.007"/>
  <testcase name="signUp: crea usuario y responde 200 con cuerpo" classname="com.globallogic.microservice1.controller.UsuarioControllerTest" time="0.01"/>
  <system-out><![CDATA[2025-05-22 00:24:22.023  INFO 27048 --- [    Test worker] .b.t.a.w.s.WebMvcTestContextBootstrapper : Neither @ContextConfiguration nor @ContextHierarchy found for test class [com.globallogic.microservice1.controller.UsuarioControllerTest], using SpringBootContextLoader
2025-05-22 00:24:22.024  INFO 27048 --- [    Test worker] o.s.t.c.support.AbstractContextLoader    : Could not detect default resource locations for test class [com.globallogic.microservice1.controller.UsuarioControllerTest]: no resource found for suffixes {-context.xml, Context.groovy}.
2025-05-22 00:24:22.025  INFO 27048 --- [    Test worker] t.c.s.AnnotationConfigContextLoaderUtils : Could not detect default configuration classes for test class [com.globallogic.microservice1.controller.UsuarioControllerTest]: UsuarioControllerTest does not declare any static, non-private, non-final, nested classes annotated with @Configuration.
2025-05-22 00:24:22.048  INFO 27048 --- [    Test worker] .b.t.c.SpringBootTestContextBootstrapper : Found @SpringBootConfiguration com.globallogic.microservice1.Microservice1Application for test class com.globallogic.microservice1.controller.UsuarioControllerTest
2025-05-22 00:24:22.049  INFO 27048 --- [    Test worker] .b.t.a.w.s.WebMvcTestContextBootstrapper : Loaded default TestExecutionListener class names from location [META-INF/spring.factories]: [org.springframework.boot.test.autoconfigure.restdocs.RestDocsTestExecutionListener, org.springframework.boot.test.autoconfigure.web.client.MockRestServiceServerResetTestExecutionListener, org.springframework.boot.test.autoconfigure.web.servlet.MockMvcPrintOnlyOnFailureTestExecutionListener, org.springframework.boot.test.autoconfigure.web.servlet.WebDriverTestExecutionListener, org.springframework.boot.test.autoconfigure.webservices.client.MockWebServiceServerTestExecutionListener, org.springframework.boot.test.mock.mockito.MockitoTestExecutionListener, org.springframework.boot.test.mock.mockito.ResetMocksTestExecutionListener, org.springframework.test.context.web.ServletTestExecutionListener, org.springframework.test.context.support.DirtiesContextBeforeModesTestExecutionListener, org.springframework.test.context.event.ApplicationEventsTestExecutionListener, org.springframework.test.context.support.DependencyInjectionTestExecutionListener, org.springframework.test.context.support.DirtiesContextTestExecutionListener, org.springframework.test.context.transaction.TransactionalTestExecutionListener, org.springframework.test.context.jdbc.SqlScriptsTestExecutionListener, org.springframework.test.context.event.EventPublishingTestExecutionListener]
2025-05-22 00:24:22.050  INFO 27048 --- [    Test worker] .b.t.a.w.s.WebMvcTestContextBootstrapper : Using TestExecutionListeners: [org.springframework.test.context.web.ServletTestExecutionListener@6cdfc089, org.springframework.test.context.support.DirtiesContextBeforeModesTestExecutionListener@3200c6a0, org.springframework.test.context.event.ApplicationEventsTestExecutionListener@5fad3180, org.springframework.boot.test.mock.mockito.MockitoTestExecutionListener@7f3d3588, org.springframework.boot.test.autoconfigure.SpringBootDependencyInjectionTestExecutionListener@6d74796e, org.springframework.test.context.support.DirtiesContextTestExecutionListener@597587a6, org.springframework.test.context.transaction.TransactionalTestExecutionListener@6fe29c39, org.springframework.test.context.jdbc.SqlScriptsTestExecutionListener@79656538, org.springframework.test.context.event.EventPublishingTestExecutionListener@3714cc73, org.springframework.boot.test.autoconfigure.restdocs.RestDocsTestExecutionListener@42a93580, org.springframework.boot.test.autoconfigure.web.client.MockRestServiceServerResetTestExecutionListener@39517ab8, org.springframework.boot.test.autoconfigure.web.servlet.MockMvcPrintOnlyOnFailureTestExecutionListener@6bcf940f, org.springframework.boot.test.autoconfigure.web.servlet.WebDriverTestExecutionListener@7a29aa51, org.springframework.boot.test.autoconfigure.webservices.client.MockWebServiceServerTestExecutionListener@71a795a1, org.springframework.boot.test.mock.mockito.ResetMocksTestExecutionListener@4391b597]

  .   ____          _            __ _ _
 /\\ / ___'_ __ _ _(_)_ __  __ _ \ \ \ \
( ( )\___ | '_ | '_| | '_ \/ _` | \ \ \ \
 \\/  ___)| |_)| | | | | || (_| |  ) ) ) )
  '  |____| .__|_| |_|_| |_\__, | / / / /
 =========|_|==============|___/=/_/_/_/
 :: Spring Boot ::               (v2.5.14)

2025-05-22 00:24:22.090  INFO 27048 --- [    Test worker] c.g.m.controller.UsuarioControllerTest   : Starting UsuarioControllerTest using Java 11.0.0.2 on DESKTOP-8FATH2O with PID 27048 (started by augus in D:\programacion\2025\globallogic\microservice1)
2025-05-22 00:24:22.090  INFO 27048 --- [    Test worker] c.g.m.controller.UsuarioControllerTest   : No active profile set, falling back to 1 default profile: "default"
2025-05-22 00:24:22.430  WARN 27048 --- [    Test worker] .s.s.UserDetailsServiceAutoConfiguration : 

Using generated security password: bce5aed5-0b38-4033-8b4f-c1b862d692d6

This generated password is for development use only. Your security configuration must be updated before running your application in production.

2025-05-22 00:24:22.468  INFO 27048 --- [    Test worker] o.s.s.web.DefaultSecurityFilterChain     : Will not secure any request
2025-05-22 00:24:22.650  INFO 27048 --- [    Test worker] o.s.b.t.m.w.SpringBootMockServletContext : Initializing Spring TestDispatcherServlet ''
2025-05-22 00:24:22.650  INFO 27048 --- [    Test worker] o.s.t.web.servlet.TestDispatcherServlet  : Initializing Servlet ''
2025-05-22 00:24:22.651  INFO 27048 --- [    Test worker] o.s.t.web.servlet.TestDispatcherServlet  : Completed initialization in 1 ms
2025-05-22 00:24:22.660  INFO 27048 --- [    Test worker] c.g.m.controller.UsuarioControllerTest   : Started UsuarioControllerTest in 0.598 seconds (JVM running for 10.922)
]]></system-out>
  <system-err><![CDATA[]]></system-err>
</testsuite>
