<?xml version="1.0" encoding="UTF-8"?>
<testsuite name="com.globallogic.microservice1.controller.UsuarioControllerTest" tests="5" skipped="0" failures="0" errors="0" timestamp="2025-05-16T15:06:56" hostname="DESKTOP-8FATH2O" time="0.33">
  <properties/>
  <testcase name="listarUsuarios: devuelve lista" classname="com.globallogic.microservice1.controller.UsuarioControllerTest" time="0.164"/>
  <testcase name="signUp: email faltante -&gt; 400 Bad Request" classname="com.globallogic.microservice1.controller.UsuarioControllerTest" time="0.113"/>
  <testcase name="getByEmail: encuentra usuario por email" classname="com.globallogic.microservice1.controller.UsuarioControllerTest" time="0.026"/>
  <testcase name="perfil: devuelve perfil del usuario" classname="com.globallogic.microservice1.controller.UsuarioControllerTest" time="0.008"/>
  <testcase name="signUp: crea usuario y responde 200 con cuerpo" classname="com.globallogic.microservice1.controller.UsuarioControllerTest" time="0.013"/>
  <system-out><![CDATA[2025-05-16 12:06:55.658  INFO 23672 --- [    Test worker] .b.t.a.w.s.WebMvcTestContextBootstrapper : Neither @ContextConfiguration nor @ContextHierarchy found for test class [com.globallogic.microservice1.controller.UsuarioControllerTest], using SpringBootContextLoader
2025-05-16 12:06:55.659  INFO 23672 --- [    Test worker] o.s.t.c.support.AbstractContextLoader    : Could not detect default resource locations for test class [com.globallogic.microservice1.controller.UsuarioControllerTest]: no resource found for suffixes {-context.xml, Context.groovy}.
2025-05-16 12:06:55.659  INFO 23672 --- [    Test worker] t.c.s.AnnotationConfigContextLoaderUtils : Could not detect default configuration classes for test class [com.globallogic.microservice1.controller.UsuarioControllerTest]: UsuarioControllerTest does not declare any static, non-private, non-final, nested classes annotated with @Configuration.
2025-05-16 12:06:55.682  INFO 23672 --- [    Test worker] .b.t.c.SpringBootTestContextBootstrapper : Found @SpringBootConfiguration com.globallogic.microservice1.Microservice1Application for test class com.globallogic.microservice1.controller.UsuarioControllerTest
2025-05-16 12:06:55.682  INFO 23672 --- [    Test worker] .b.t.a.w.s.WebMvcTestContextBootstrapper : Loaded default TestExecutionListener class names from location [META-INF/spring.factories]: [org.springframework.boot.test.autoconfigure.restdocs.RestDocsTestExecutionListener, org.springframework.boot.test.autoconfigure.web.client.MockRestServiceServerResetTestExecutionListener, org.springframework.boot.test.autoconfigure.web.servlet.MockMvcPrintOnlyOnFailureTestExecutionListener, org.springframework.boot.test.autoconfigure.web.servlet.WebDriverTestExecutionListener, org.springframework.boot.test.autoconfigure.webservices.client.MockWebServiceServerTestExecutionListener, org.springframework.boot.test.mock.mockito.MockitoTestExecutionListener, org.springframework.boot.test.mock.mockito.ResetMocksTestExecutionListener, org.springframework.test.context.web.ServletTestExecutionListener, org.springframework.test.context.support.DirtiesContextBeforeModesTestExecutionListener, org.springframework.test.context.event.ApplicationEventsTestExecutionListener, org.springframework.test.context.support.DependencyInjectionTestExecutionListener, org.springframework.test.context.support.DirtiesContextTestExecutionListener, org.springframework.test.context.transaction.TransactionalTestExecutionListener, org.springframework.test.context.jdbc.SqlScriptsTestExecutionListener, org.springframework.test.context.event.EventPublishingTestExecutionListener]
2025-05-16 12:06:55.683  INFO 23672 --- [    Test worker] .b.t.a.w.s.WebMvcTestContextBootstrapper : Using TestExecutionListeners: [org.springframework.test.context.web.ServletTestExecutionListener@498bfeec, org.springframework.test.context.support.DirtiesContextBeforeModesTestExecutionListener@33490054, org.springframework.test.context.event.ApplicationEventsTestExecutionListener@19487d13, org.springframework.boot.test.mock.mockito.MockitoTestExecutionListener@51bd10f0, org.springframework.boot.test.autoconfigure.SpringBootDependencyInjectionTestExecutionListener@47d7e8b5, org.springframework.test.context.support.DirtiesContextTestExecutionListener@3ce71bbb, org.springframework.test.context.transaction.TransactionalTestExecutionListener@661d49d1, org.springframework.test.context.jdbc.SqlScriptsTestExecutionListener@5f1eff72, org.springframework.test.context.event.EventPublishingTestExecutionListener@27f43664, org.springframework.boot.test.autoconfigure.restdocs.RestDocsTestExecutionListener@234adbe2, org.springframework.boot.test.autoconfigure.web.client.MockRestServiceServerResetTestExecutionListener@2f154d9b, org.springframework.boot.test.autoconfigure.web.servlet.MockMvcPrintOnlyOnFailureTestExecutionListener@7d8c264, org.springframework.boot.test.autoconfigure.web.servlet.WebDriverTestExecutionListener@19993ed, org.springframework.boot.test.autoconfigure.webservices.client.MockWebServiceServerTestExecutionListener@7479cdf7, org.springframework.boot.test.mock.mockito.ResetMocksTestExecutionListener@71852f76]

  .   ____          _            __ _ _
 /\\ / ___'_ __ _ _(_)_ __  __ _ \ \ \ \
( ( )\___ | '_ | '_| | '_ \/ _` | \ \ \ \
 \\/  ___)| |_)| | | | | || (_| |  ) ) ) )
  '  |____| .__|_| |_|_| |_\__, | / / / /
 =========|_|==============|___/=/_/_/_/
 :: Spring Boot ::               (v2.5.14)

2025-05-16 12:06:55.714  INFO 23672 --- [    Test worker] c.g.m.controller.UsuarioControllerTest   : Starting UsuarioControllerTest using Java 11.0.27 on DESKTOP-8FATH2O with PID 23672 (started by augus in D:\programacion\2025\globallogic\microservice1)
2025-05-16 12:06:55.715  INFO 23672 --- [    Test worker] c.g.m.controller.UsuarioControllerTest   : No active profile set, falling back to 1 default profile: "default"
2025-05-16 12:06:56.154  WARN 23672 --- [    Test worker] .s.s.UserDetailsServiceAutoConfiguration : 

Using generated security password: ef686dc1-31cf-43fc-b48a-6f19e0e7bac7

This generated password is for development use only. Your security configuration must be updated before running your application in production.

2025-05-16 12:06:56.209  INFO 23672 --- [    Test worker] o.s.s.web.DefaultSecurityFilterChain     : Will not secure any request
2025-05-16 12:06:56.426  INFO 23672 --- [    Test worker] o.s.b.t.m.w.SpringBootMockServletContext : Initializing Spring TestDispatcherServlet ''
2025-05-16 12:06:56.426  INFO 23672 --- [    Test worker] o.s.t.web.servlet.TestDispatcherServlet  : Initializing Servlet ''
2025-05-16 12:06:56.427  INFO 23672 --- [    Test worker] o.s.t.web.servlet.TestDispatcherServlet  : Completed initialization in 1 ms
2025-05-16 12:06:56.438  INFO 23672 --- [    Test worker] c.g.m.controller.UsuarioControllerTest   : Started UsuarioControllerTest in 0.752 seconds (JVM running for 8.884)
]]></system-out>
  <system-err><![CDATA[]]></system-err>
</testsuite>
