<?xml version="1.0" encoding="UTF-8"?>
<testsuite name="com.globallogic.microservice1.service.UsuarioServiceImplTest$CrearUsuario" tests="4" skipped="0" failures="0" errors="0" timestamp="2025-05-20T19:52:38" hostname="MacBook-Air-de-Augusto.local" time="0.085">
  <properties/>
  <testcase name="listarTodos mapea a DTO de respuesta" classname="com.globallogic.microservice1.service.UsuarioServiceImplTest$CrearUsuario" time="0.069"/>
  <testcase name="lanza excepciÃ³n si email duplica" classname="com.globallogic.microservice1.service.UsuarioServiceImplTest$CrearUsuario" time="0.008"/>
  <testcase name="iniciarSesion actualiza lastLogin" classname="com.globallogic.microservice1.service.UsuarioServiceImplTest$CrearUsuario" time="0.005"/>
  <testcase name="crea usuario cuando email no existe" classname="com.globallogic.microservice1.service.UsuarioServiceImplTest$CrearUsuario" time="0.003"/>
  <system-out><![CDATA[]]></system-out>
  <system-err><![CDATA[]]></system-err>
</testsuite>
