<?xml version="1.0" encoding="UTF-8"?>
<testsuite name="com.globallogic.microservice1.Microservice1ApplicationTests" tests="1" skipped="0" failures="0" errors="0" timestamp="2025-05-15T00:35:28" hostname="DESKTOP-8FATH2O" time="0.125">
  <properties/>
  <testcase name="contextLoads()" classname="com.globallogic.microservice1.Microservice1ApplicationTests" time="0.125"/>
  <system-out><![CDATA[21:35:24.275 [Test worker] DEBUG org.springframework.test.context.BootstrapUtils - Instantiating CacheAwareContextLoaderDelegate from class [org.springframework.test.context.cache.DefaultCacheAwareContextLoaderDelegate]
21:35:24.283 [Test worker] DEBUG org.springframework.test.context.BootstrapUtils - Instantiating BootstrapContext using constructor [public org.springframework.test.context.support.DefaultBootstrapContext(java.lang.Class,org.springframework.test.context.CacheAwareContextLoaderDelegate)]
21:35:24.309 [Test worker] DEBUG org.springframework.test.context.BootstrapUtils - Instantiating TestContextBootstrapper for test class [com.globallogic.microservice1.Microservice1ApplicationTests] from class [org.springframework.boot.test.context.SpringBootTestContextBootstrapper]
21:35:24.319 [Test worker] INFO org.springframework.boot.test.context.SpringBootTestContextBootstrapper - Neither @ContextConfiguration nor @ContextHierarchy found for test class [com.globallogic.microservice1.Microservice1ApplicationTests], using SpringBootContextLoader
21:35:24.323 [Test worker] DEBUG org.springframework.test.context.support.AbstractContextLoader - Did not detect default resource location for test class [com.globallogic.microservice1.Microservice1ApplicationTests]: class path resource [com/globallogic/microservice1/Microservice1ApplicationTests-context.xml] does not exist
21:35:24.323 [Test worker] DEBUG org.springframework.test.context.support.AbstractContextLoader - Did not detect default resource location for test class [com.globallogic.microservice1.Microservice1ApplicationTests]: class path resource [com/globallogic/microservice1/Microservice1ApplicationTestsContext.groovy] does not exist
21:35:24.323 [Test worker] INFO org.springframework.test.context.support.AbstractContextLoader - Could not detect default resource locations for test class [com.globallogic.microservice1.Microservice1ApplicationTests]: no resource found for suffixes {-context.xml, Context.groovy}.
21:35:24.324 [Test worker] INFO org.springframework.test.context.support.AnnotationConfigContextLoaderUtils - Could not detect default configuration classes for test class [com.globallogic.microservice1.Microservice1ApplicationTests]: Microservice1ApplicationTests does not declare any static, non-private, non-final, nested classes annotated with @Configuration.
21:35:24.362 [Test worker] DEBUG org.springframework.test.context.support.ActiveProfilesUtils - Could not find an 'annotation declaring class' for annotation type [org.springframework.test.context.ActiveProfiles] and class [com.globallogic.microservice1.Microservice1ApplicationTests]
21:35:24.414 [Test worker] DEBUG org.springframework.context.annotation.ClassPathScanningCandidateComponentProvider - Identified candidate component class: file [D:\programacion\2025\globallogic\microservice1\build\classes\java\main\com\globallogic\microservice1\Microservice1Application.class]
21:35:24.415 [Test worker] INFO org.springframework.boot.test.context.SpringBootTestContextBootstrapper - Found @SpringBootConfiguration com.globallogic.microservice1.Microservice1Application for test class com.globallogic.microservice1.Microservice1ApplicationTests
21:35:24.503 [Test worker] DEBUG org.springframework.boot.test.context.SpringBootTestContextBootstrapper - @TestExecutionListeners is not present for class [com.globallogic.microservice1.Microservice1ApplicationTests]: using defaults.
21:35:24.504 [Test worker] INFO org.springframework.boot.test.context.SpringBootTestContextBootstrapper - Loaded default TestExecutionListener class names from location [META-INF/spring.factories]: [org.springframework.boot.test.autoconfigure.restdocs.RestDocsTestExecutionListener, org.springframework.boot.test.autoconfigure.web.client.MockRestServiceServerResetTestExecutionListener, org.springframework.boot.test.autoconfigure.web.servlet.MockMvcPrintOnlyOnFailureTestExecutionListener, org.springframework.boot.test.autoconfigure.web.servlet.WebDriverTestExecutionListener, org.springframework.boot.test.autoconfigure.webservices.client.MockWebServiceServerTestExecutionListener, org.springframework.boot.test.mock.mockito.MockitoTestExecutionListener, org.springframework.boot.test.mock.mockito.ResetMocksTestExecutionListener, org.springframework.test.context.web.ServletTestExecutionListener, org.springframework.test.context.support.DirtiesContextBeforeModesTestExecutionListener, org.springframework.test.context.event.ApplicationEventsTestExecutionListener, org.springframework.test.context.support.DependencyInjectionTestExecutionListener, org.springframework.test.context.support.DirtiesContextTestExecutionListener, org.springframework.test.context.transaction.TransactionalTestExecutionListener, org.springframework.test.context.jdbc.SqlScriptsTestExecutionListener, org.springframework.test.context.event.EventPublishingTestExecutionListener]
21:35:24.531 [Test worker] INFO org.springframework.boot.test.context.SpringBootTestContextBootstrapper - Using TestExecutionListeners: [org.springframework.test.context.web.ServletTestExecutionListener@345e5a17, org.springframework.test.context.support.DirtiesContextBeforeModesTestExecutionListener@5ea502e0, org.springframework.test.context.event.ApplicationEventsTestExecutionListener@443dbe42, org.springframework.boot.test.mock.mockito.MockitoTestExecutionListener@473b3b7a, org.springframework.boot.test.autoconfigure.SpringBootDependencyInjectionTestExecutionListener@1734f68, org.springframework.test.context.support.DirtiesContextTestExecutionListener@77b7ffa4, org.springframework.test.context.transaction.TransactionalTestExecutionListener@5ed190be, org.springframework.test.context.jdbc.SqlScriptsTestExecutionListener@402f80f5, org.springframework.test.context.event.EventPublishingTestExecutionListener@5bbc9f97, org.springframework.boot.test.autoconfigure.restdocs.RestDocsTestExecutionListener@133e019b, org.springframework.boot.test.autoconfigure.web.client.MockRestServiceServerResetTestExecutionListener@41382722, org.springframework.boot.test.autoconfigure.web.servlet.MockMvcPrintOnlyOnFailureTestExecutionListener@7dac3fd8, org.springframework.boot.test.autoconfigure.web.servlet.WebDriverTestExecutionListener@425357dd, org.springframework.boot.test.autoconfigure.webservices.client.MockWebServiceServerTestExecutionListener@2102a4d5, org.springframework.boot.test.mock.mockito.ResetMocksTestExecutionListener@210386e0]
21:35:24.534 [Test worker] DEBUG org.springframework.test.context.support.AbstractDirtiesContextTestExecutionListener - Before test class: context [DefaultTestContext@1edb61b1 testClass = Microservice1ApplicationTests, testInstance = [null], testMethod = [null], testException = [null], mergedContextConfiguration = [WebMergedContextConfiguration@ec2bf82 testClass = Microservice1ApplicationTests, locations = '{}', classes = '{class com.globallogic.microservice1.Microservice1Application}', contextInitializerClasses = '[]', activeProfiles = '{}', propertySourceLocations = '{}', propertySourceProperties = '{org.springframework.boot.test.context.SpringBootTestContextBootstrapper=true}', contextCustomizers = set[org.springframework.boot.test.autoconfigure.actuate.metrics.MetricsExportContextCustomizerFactory$DisableMetricExportContextCustomizer@3543df7d, org.springframework.boot.test.autoconfigure.properties.PropertyMappingContextCustomizer@0, org.springframework.boot.test.autoconfigure.web.servlet.WebDriverContextCustomizerFactory$Customizer@1021f6c9, org.springframework.boot.test.context.filter.ExcludeFilterContextCustomizer@3fa2213, org.springframework.boot.test.json.DuplicateJsonObjectContextCustomizerFactory$DuplicateJsonObjectContextCustomizer@6035b93b, org.springframework.boot.test.mock.mockito.MockitoContextCustomizer@0, org.springframework.boot.test.web.client.TestRestTemplateContextCustomizer@4c398c80, org.springframework.boot.test.context.SpringBootTestArgs@1, org.springframework.boot.test.context.SpringBootTestWebEnvironment@1169afe1], resourceBasePath = 'src/main/webapp', contextLoader = 'org.springframework.boot.test.context.SpringBootContextLoader', parent = [null]], attributes = map['org.springframework.test.context.web.ServletTestExecutionListener.activateListener' -> true]], class annotated with @DirtiesContext [false] with mode [null].

  .   ____          _            __ _ _
 /\\ / ___'_ __ _ _(_)_ __  __ _ \ \ \ \
( ( )\___ | '_ | '_| | '_ \/ _` | \ \ \ \
 \\/  ___)| |_)| | | | | || (_| |  ) ) ) )
  '  |____| .__|_| |_|_| |_\__, | / / / /
 =========|_|==============|___/=/_/_/_/
 :: Spring Boot ::               (v2.5.14)

2025-05-14 21:35:24.849  INFO 3184 --- [    Test worker] c.g.m.Microservice1ApplicationTests      : Starting Microservice1ApplicationTests using Java 11.0.27 on DESKTOP-8FATH2O with PID 3184 (started by augus in D:\programacion\2025\globallogic\microservice1)
2025-05-14 21:35:24.851  INFO 3184 --- [    Test worker] c.g.m.Microservice1ApplicationTests      : No active profile set, falling back to 1 default profile: "default"
2025-05-14 21:35:25.529  INFO 3184 --- [    Test worker] .s.d.r.c.RepositoryConfigurationDelegate : Bootstrapping Spring Data JPA repositories in DEFAULT mode.
2025-05-14 21:35:25.593  INFO 3184 --- [    Test worker] .s.d.r.c.RepositoryConfigurationDelegate : Finished Spring Data repository scanning in 53 ms. Found 2 JPA repository interfaces.
2025-05-14 21:35:26.117  INFO 3184 --- [    Test worker] o.hibernate.jpa.internal.util.LogHelper  : HHH000204: Processing PersistenceUnitInfo [name: default]
2025-05-14 21:35:26.178  INFO 3184 --- [    Test worker] org.hibernate.Version                    : HHH000412: Hibernate ORM core version 5.4.33
2025-05-14 21:35:26.316  INFO 3184 --- [    Test worker] o.hibernate.annotations.common.Version   : HCANN000001: Hibernate Commons Annotations {5.1.2.Final}
2025-05-14 21:35:26.453  INFO 3184 --- [    Test worker] com.zaxxer.hikari.HikariDataSource       : HikariPool-1 - Starting...
2025-05-14 21:35:26.614  INFO 3184 --- [    Test worker] com.zaxxer.hikari.HikariDataSource       : HikariPool-1 - Start completed.
2025-05-14 21:35:26.642  INFO 3184 --- [    Test worker] org.hibernate.dialect.Dialect            : HHH000400: Using dialect: org.hibernate.dialect.H2Dialect
2025-05-14 21:35:27.281 DEBUG 3184 --- [    Test worker] org.hibernate.SQL                        : 
    
    create table telefonos (
       id bigint generated by default as identity,
        citycode integer not null,
        contrycode varchar(10) not null,
        number bigint not null,
        usuario_id bigint not null,
        primary key (id)
    )
Hibernate: 
    
    create table telefonos (
       id bigint generated by default as identity,
        citycode integer not null,
        contrycode varchar(10) not null,
        number bigint not null,
        usuario_id bigint not null,
        primary key (id)
    )
2025-05-14 21:35:27.291 DEBUG 3184 --- [    Test worker] org.hibernate.SQL                        : 
    
    create table users (
       id bigint generated by default as identity,
        created timestamp not null,
        email varchar(150) not null,
        is_active boolean not null,
        last_login timestamp not null,
        name varchar(100),
        password varchar(255) not null,
        primary key (id)
    )
Hibernate: 
    
    create table users (
       id bigint generated by default as identity,
        created timestamp not null,
        email varchar(150) not null,
        is_active boolean not null,
        last_login timestamp not null,
        name varchar(100),
        password varchar(255) not null,
        primary key (id)
    )
2025-05-14 21:35:27.294 DEBUG 3184 --- [    Test worker] org.hibernate.SQL                        : 
    
    alter table users 
       drop constraint if exists UK_6dotkott2kjsp8vw4d0m25fb7
Hibernate: 
    
    alter table users 
       drop constraint if exists UK_6dotkott2kjsp8vw4d0m25fb7
2025-05-14 21:35:27.295 DEBUG 3184 --- [    Test worker] org.hibernate.SQL                        : 
    
    alter table users 
       add constraint UK_6dotkott2kjsp8vw4d0m25fb7 unique (email)
Hibernate: 
    
    alter table users 
       add constraint UK_6dotkott2kjsp8vw4d0m25fb7 unique (email)
2025-05-14 21:35:27.297 DEBUG 3184 --- [    Test worker] org.hibernate.SQL                        : 
    
    alter table telefonos 
       add constraint FK73m3wlo84p4q8dw6m726m8d9v 
       foreign key (usuario_id) 
       references users
Hibernate: 
    
    alter table telefonos 
       add constraint FK73m3wlo84p4q8dw6m726m8d9v 
       foreign key (usuario_id) 
       references users
2025-05-14 21:35:27.302  INFO 3184 --- [    Test worker] o.h.e.t.j.p.i.JtaPlatformInitiator       : HHH000490: Using JtaPlatform implementation: [org.hibernate.engine.transaction.jta.platform.internal.NoJtaPlatform]
2025-05-14 21:35:27.309  INFO 3184 --- [    Test worker] j.LocalContainerEntityManagerFactoryBean : Initialized JPA EntityManagerFactory for persistence unit 'default'
2025-05-14 21:35:27.901  WARN 3184 --- [    Test worker] JpaBaseConfiguration$JpaWebConfiguration : spring.jpa.open-in-view is enabled by default. Therefore, database queries may be performed during view rendering. Explicitly configure spring.jpa.open-in-view to disable this warning
2025-05-14 21:35:28.141  INFO 3184 --- [    Test worker] o.s.b.a.h2.H2ConsoleAutoConfiguration    : H2 console available at '/h2-console'. Database available at 'jdbc:h2:mem:usuariosdb'
2025-05-14 21:35:28.437  INFO 3184 --- [    Test worker] c.g.m.Microservice1ApplicationTests      : Started Microservice1ApplicationTests in 3.872 seconds (JVM running for 5.312)
]]></system-out>
  <system-err><![CDATA[]]></system-err>
</testsuite>
