<?xml version="1.0" encoding="UTF-8"?>
<testsuite name="com.globallogic.microservice1.controller.UsuarioControllerTest" tests="5" skipped="0" failures="0" errors="0" timestamp="2025-05-22T03:14:37" hostname="DESKTOP-8FATH2O" time="0.461">
  <properties/>
  <testcase name="listarUsuarios: devuelve lista" classname="com.globallogic.microservice1.controller.UsuarioControllerTest" time="0.209"/>
  <testcase name="signUp: email faltante -&gt; 400 Bad Request" classname="com.globallogic.microservice1.controller.UsuarioControllerTest" time="0.199"/>
  <testcase name="getByEmail: encuentra usuario por email" classname="com.globallogic.microservice1.controller.UsuarioControllerTest" time="0.031"/>
  <testcase name="perfil: devuelve perfil del usuario" classname="com.globallogic.microservice1.controller.UsuarioControllerTest" time="0.006"/>
  <testcase name="signUp: crea usuario y responde 200 con cuerpo" classname="com.globallogic.microservice1.controller.UsuarioControllerTest" time="0.009"/>
  <system-out><![CDATA[00:14:34.519 [Test worker] DEBUG org.springframework.test.context.BootstrapUtils - Instantiating CacheAwareContextLoaderDelegate from class [org.springframework.test.context.cache.DefaultCacheAwareContextLoaderDelegate]
00:14:34.538 [Test worker] DEBUG org.springframework.test.context.BootstrapUtils - Instantiating BootstrapContext using constructor [public org.springframework.test.context.support.DefaultBootstrapContext(java.lang.Class,org.springframework.test.context.CacheAwareContextLoaderDelegate)]
00:14:34.601 [Test worker] DEBUG org.springframework.test.context.BootstrapUtils - Instantiating TestContextBootstrapper for test class [com.globallogic.microservice1.controller.UsuarioControllerTest] from class [org.springframework.boot.test.autoconfigure.web.servlet.WebMvcTestContextBootstrapper]
00:14:34.619 [Test worker] INFO org.springframework.boot.test.autoconfigure.web.servlet.WebMvcTestContextBootstrapper - Neither @ContextConfiguration nor @ContextHierarchy found for test class [com.globallogic.microservice1.controller.UsuarioControllerTest], using SpringBootContextLoader
00:14:34.625 [Test worker] DEBUG org.springframework.test.context.support.AbstractContextLoader - Did not detect default resource location for test class [com.globallogic.microservice1.controller.UsuarioControllerTest]: class path resource [com/globallogic/microservice1/controller/UsuarioControllerTest-context.xml] does not exist
00:14:34.626 [Test worker] DEBUG org.springframework.test.context.support.AbstractContextLoader - Did not detect default resource location for test class [com.globallogic.microservice1.controller.UsuarioControllerTest]: class path resource [com/globallogic/microservice1/controller/UsuarioControllerTestContext.groovy] does not exist
00:14:34.626 [Test worker] INFO org.springframework.test.context.support.AbstractContextLoader - Could not detect default resource locations for test class [com.globallogic.microservice1.controller.UsuarioControllerTest]: no resource found for suffixes {-context.xml, Context.groovy}.
00:14:34.627 [Test worker] INFO org.springframework.test.context.support.AnnotationConfigContextLoaderUtils - Could not detect default configuration classes for test class [com.globallogic.microservice1.controller.UsuarioControllerTest]: UsuarioControllerTest does not declare any static, non-private, non-final, nested classes annotated with @Configuration.
00:14:34.729 [Test worker] DEBUG org.springframework.test.context.support.ActiveProfilesUtils - Could not find an 'annotation declaring class' for annotation type [org.springframework.test.context.ActiveProfiles] and class [com.globallogic.microservice1.controller.UsuarioControllerTest]
00:14:34.811 [Test worker] DEBUG org.springframework.context.annotation.ClassPathScanningCandidateComponentProvider - Identified candidate component class: file [D:\programacion\2025\globallogic\microservice1\build\classes\java\main\com\globallogic\microservice1\Microservice1Application.class]
00:14:34.813 [Test worker] INFO org.springframework.boot.test.context.SpringBootTestContextBootstrapper - Found @SpringBootConfiguration com.globallogic.microservice1.Microservice1Application for test class com.globallogic.microservice1.controller.UsuarioControllerTest
00:14:34.816 [Test worker] DEBUG org.springframework.boot.test.autoconfigure.web.servlet.WebMvcTestContextBootstrapper - @TestExecutionListeners is not present for class [com.globallogic.microservice1.controller.UsuarioControllerTest]: using defaults.
00:14:34.817 [Test worker] INFO org.springframework.boot.test.autoconfigure.web.servlet.WebMvcTestContextBootstrapper - Loaded default TestExecutionListener class names from location [META-INF/spring.factories]: [org.springframework.boot.test.autoconfigure.restdocs.RestDocsTestExecutionListener, org.springframework.boot.test.autoconfigure.web.client.MockRestServiceServerResetTestExecutionListener, org.springframework.boot.test.autoconfigure.web.servlet.MockMvcPrintOnlyOnFailureTestExecutionListener, org.springframework.boot.test.autoconfigure.web.servlet.WebDriverTestExecutionListener, org.springframework.boot.test.autoconfigure.webservices.client.MockWebServiceServerTestExecutionListener, org.springframework.boot.test.mock.mockito.MockitoTestExecutionListener, org.springframework.boot.test.mock.mockito.ResetMocksTestExecutionListener, org.springframework.test.context.web.ServletTestExecutionListener, org.springframework.test.context.support.DirtiesContextBeforeModesTestExecutionListener, org.springframework.test.context.event.ApplicationEventsTestExecutionListener, org.springframework.test.context.support.DependencyInjectionTestExecutionListener, org.springframework.test.context.support.DirtiesContextTestExecutionListener, org.springframework.test.context.transaction.TransactionalTestExecutionListener, org.springframework.test.context.jdbc.SqlScriptsTestExecutionListener, org.springframework.test.context.event.EventPublishingTestExecutionListener]
00:14:34.839 [Test worker] INFO org.springframework.boot.test.autoconfigure.web.servlet.WebMvcTestContextBootstrapper - Using TestExecutionListeners: [org.springframework.test.context.web.ServletTestExecutionListener@1e392345, org.springframework.test.context.support.DirtiesContextBeforeModesTestExecutionListener@12f3afb5, org.springframework.test.context.event.ApplicationEventsTestExecutionListener@4ced35ed, org.springframework.boot.test.mock.mockito.MockitoTestExecutionListener@2c22a348, org.springframework.boot.test.autoconfigure.SpringBootDependencyInjectionTestExecutionListener@7bd69e82, org.springframework.test.context.support.DirtiesContextTestExecutionListener@74d7184a, org.springframework.test.context.transaction.TransactionalTestExecutionListener@51b01960, org.springframework.test.context.jdbc.SqlScriptsTestExecutionListener@6831d8fd, org.springframework.test.context.event.EventPublishingTestExecutionListener@27dc79f7, org.springframework.boot.test.autoconfigure.restdocs.RestDocsTestExecutionListener@6b85300e, org.springframework.boot.test.autoconfigure.web.client.MockRestServiceServerResetTestExecutionListener@3aaf4f07, org.springframework.boot.test.autoconfigure.web.servlet.MockMvcPrintOnlyOnFailureTestExecutionListener@5cbf9e9f, org.springframework.boot.test.autoconfigure.web.servlet.WebDriverTestExecutionListener@18e8473e, org.springframework.boot.test.autoconfigure.webservices.client.MockWebServiceServerTestExecutionListener@5a2f016d, org.springframework.boot.test.mock.mockito.ResetMocksTestExecutionListener@1a38ba58]
00:14:34.844 [Test worker] DEBUG org.springframework.test.context.support.AbstractDirtiesContextTestExecutionListener - Before test class: context [DefaultTestContext@57a4d5ee testClass = UsuarioControllerTest, testInstance = [null], testMethod = [null], testException = [null], mergedContextConfiguration = [WebMergedContextConfiguration@5af5def9 testClass = UsuarioControllerTest, locations = '{}', classes = '{class com.globallogic.microservice1.Microservice1Application}', contextInitializerClasses = '[]', activeProfiles = '{}', propertySourceLocations = '{}', propertySourceProperties = '{org.springframework.boot.test.autoconfigure.web.servlet.WebMvcTestContextBootstrapper=true}', contextCustomizers = set[org.springframework.boot.test.autoconfigure.OverrideAutoConfigurationContextCustomizerFactory$DisableAutoConfigurationContextCustomizer@72bd06ca, org.springframework.boot.test.autoconfigure.actuate.metrics.MetricsExportContextCustomizerFactory$DisableMetricExportContextCustomizer@3d08f3f5, org.springframework.boot.test.autoconfigure.filter.TypeExcludeFiltersContextCustomizer@2a2d685b, org.springframework.boot.test.autoconfigure.properties.PropertyMappingContextCustomizer@2a900bb9, org.springframework.boot.test.autoconfigure.web.servlet.WebDriverContextCustomizerFactory$Customizer@72ccd81a, [ImportsContextCustomizer@3a45c42a key = [org.springframework.boot.autoconfigure.cache.CacheAutoConfiguration, org.springframework.boot.autoconfigure.context.MessageSourceAutoConfiguration, org.springframework.boot.autoconfigure.data.web.SpringDataWebAutoConfiguration, org.springframework.boot.autoconfigure.freemarker.FreeMarkerAutoConfiguration, org.springframework.boot.autoconfigure.groovy.template.GroovyTemplateAutoConfiguration, org.springframework.boot.autoconfigure.gson.GsonAutoConfiguration, org.springframework.boot.autoconfigure.hateoas.HypermediaAutoConfiguration, org.springframework.boot.autoconfigure.http.HttpMessageConvertersAutoConfiguration, org.springframework.boot.autoconfigure.jackson.JacksonAutoConfiguration, org.springframework.boot.autoconfigure.jsonb.JsonbAutoConfiguration, org.springframework.boot.autoconfigure.mustache.MustacheAutoConfiguration, org.springframework.boot.autoconfigure.task.TaskExecutionAutoConfiguration, org.springframework.boot.autoconfigure.thymeleaf.ThymeleafAutoConfiguration, org.springframework.boot.autoconfigure.validation.ValidationAutoConfiguration, org.springframework.boot.autoconfigure.web.servlet.error.ErrorMvcAutoConfiguration, org.springframework.boot.autoconfigure.web.servlet.HttpEncodingAutoConfiguration, org.springframework.boot.autoconfigure.web.servlet.WebMvcAutoConfiguration, org.springframework.boot.test.autoconfigure.web.servlet.MockMvcAutoConfiguration, org.springframework.boot.test.autoconfigure.web.servlet.MockMvcWebClientAutoConfiguration, org.springframework.boot.test.autoconfigure.web.servlet.MockMvcWebDriverAutoConfiguration, org.springframework.boot.autoconfigure.security.oauth2.client.servlet.OAuth2ClientAutoConfiguration, org.springframework.boot.autoconfigure.security.oauth2.resource.servlet.OAuth2ResourceServerAutoConfiguration, org.springframework.boot.autoconfigure.security.servlet.SecurityAutoConfiguration, org.springframework.boot.autoconfigure.security.servlet.SecurityFilterAutoConfiguration, org.springframework.boot.autoconfigure.security.servlet.UserDetailsServiceAutoConfiguration, org.springframework.boot.test.autoconfigure.web.servlet.MockMvcSecurityConfiguration]], org.springframework.boot.test.context.filter.ExcludeFilterContextCustomizer@62923ee6, org.springframework.boot.test.json.DuplicateJsonObjectContextCustomizerFactory$DuplicateJsonObjectContextCustomizer@7807ac2c, org.springframework.boot.test.mock.mockito.MockitoContextCustomizer@a9a9ecca, org.springframework.boot.test.context.SpringBootTestArgs@1, org.springframework.boot.test.context.SpringBootTestWebEnvironment@0], resourceBasePath = 'src/main/webapp', contextLoader = 'org.springframework.boot.test.context.SpringBootContextLoader', parent = [null]], attributes = map[[empty]]], class annotated with @DirtiesContext [false] with mode [null].

  .   ____          _            __ _ _
 /\\ / ___'_ __ _ _(_)_ __  __ _ \ \ \ \
( ( )\___ | '_ | '_| | '_ \/ _` | \ \ \ \
 \\/  ___)| |_)| | | | | || (_| |  ) ) ) )
  '  |____| .__|_| |_|_| |_\__, | / / / /
 =========|_|==============|___/=/_/_/_/
 :: Spring Boot ::               (v2.5.14)

2025-05-22 00:14:35.404  INFO 21812 --- [    Test worker] c.g.m.controller.UsuarioControllerTest   : Starting UsuarioControllerTest using Java 11.0.0.2 on DESKTOP-8FATH2O with PID 21812 (started by augus in D:\programacion\2025\globallogic\microservice1)
2025-05-22 00:14:35.406  INFO 21812 --- [    Test worker] c.g.m.controller.UsuarioControllerTest   : No active profile set, falling back to 1 default profile: "default"
2025-05-22 00:14:36.962  WARN 21812 --- [    Test worker] .s.s.UserDetailsServiceAutoConfiguration : 

Using generated security password: b22ae522-f692-4b8b-8899-051f0f931a56

This generated password is for development use only. Your security configuration must be updated before running your application in production.

2025-05-22 00:14:37.116  INFO 21812 --- [    Test worker] o.s.s.web.DefaultSecurityFilterChain     : Will not secure any request
2025-05-22 00:14:37.656  INFO 21812 --- [    Test worker] o.s.b.t.m.w.SpringBootMockServletContext : Initializing Spring TestDispatcherServlet ''
2025-05-22 00:14:37.657  INFO 21812 --- [    Test worker] o.s.t.web.servlet.TestDispatcherServlet  : Initializing Servlet ''
2025-05-22 00:14:37.658  INFO 21812 --- [    Test worker] o.s.t.web.servlet.TestDispatcherServlet  : Completed initialization in 1 ms
2025-05-22 00:14:37.691  INFO 21812 --- [    Test worker] c.g.m.controller.UsuarioControllerTest   : Started UsuarioControllerTest in 2.784 seconds (JVM running for 4.68)
]]></system-out>
  <system-err><![CDATA[[2025.05.22 00:14:36] (Coverage): Error during class instrumentation: org.springframework.security.config.annotation.authentication.configurers.ldap.LdapAuthenticationProviderConfigurer: java.lang.RuntimeException: java.io.IOException: Class org/springframework/security/ldap/authentication/PasswordComparisonAuthenticator not found
[2025.05.22 00:14:37] (Coverage): Error during class instrumentation: org.springframework.security.config.annotation.web.configurers.oauth2.client.OAuth2LoginConfigurer: java.lang.RuntimeException: java.io.IOException: Class org/springframework/security/oauth2/client/endpoint/DefaultAuthorizationCodeTokenResponseClient not found
]]></system-err>
</testsuite>
